This is pdfTeX, Version 3.141592653-2.6-1.40.22 (TeX Live 2022/dev/Debian) (preloaded format=pdflatex 2023.6.14)  7 MAR 2024 12:39
entering extended mode
 restricted \write18 enabled.
 %&-line parsing enabled.
**"Basics Summary.tex"
(./Basics Summary.tex
LaTeX2e <2021-11-15> patch level 1
L3 programming layer <2022-01-21> (./preamble.tex
(/usr/share/texlive/texmf-dist/tex/latex/koma-script/scrbook.cls
Document Class: scrbook 2021/11/13 v3.35 KOMA-Script document class (book)
(/usr/share/texlive/texmf-dist/tex/latex/koma-script/scrkbase.sty
Package: scrkbase 2021/11/13 v3.35 KOMA-Script package (KOMA-Script-dependent b
asics and keyval usage)

(/usr/share/texlive/texmf-dist/tex/latex/koma-script/scrbase.sty
Package: scrbase 2021/11/13 v3.35 KOMA-Script package (KOMA-Script-independent 
basics and keyval usage)

(/usr/share/texlive/texmf-dist/tex/latex/koma-script/scrlfile.sty
Package: scrlfile 2021/11/13 v3.35 KOMA-Script package (file load hooks)

(/usr/share/texlive/texmf-dist/tex/latex/koma-script/scrlfile-hook.sty
Package: scrlfile-hook 2021/11/13 v3.35 KOMA-Script package (using LaTeX hooks)


(/usr/share/texlive/texmf-dist/tex/latex/koma-script/scrlogo.sty
Package: scrlogo 2021/11/13 v3.35 KOMA-Script package (logo)
)))
(/usr/share/texlive/texmf-dist/tex/latex/graphics/keyval.sty
Package: keyval 2014/10/28 v1.15 key=value parser (DPC)
\KV@toks@=\toks16
)
Applying: [2021/05/01] Usage of raw or classic option list on input line 252.
Already applied: [0000/00/00] Usage of raw or classic option list on input line
 368.
))
(/usr/share/texlive/texmf-dist/tex/latex/koma-script/tocbasic.sty
Package: tocbasic 2021/11/13 v3.35 KOMA-Script package (handling toc-files)
\scr@dte@tocline@numberwidth=\skip47
\scr@dte@tocline@numbox=\box50
)
Package tocbasic Info: babel extension for `toc' omitted
(tocbasic)             because of missing \bbl@set@language on input line 137.

(/usr/share/texlive/texmf-dist/tex/latex/base/fleqn.clo
File: fleqn.clo 2016/12/29 v1.2b Standard LaTeX option (flush left equations)
\mathindent=\skip48
Applying: [2015/01/01] Make \[ robust on input line 50.
LaTeX Info: Redefining \[ on input line 51.
Already applied: [0000/00/00] Make \[ robust on input line 62.
Applying: [2015/01/01] Make \] robust on input line 74.
LaTeX Info: Redefining \] on input line 75.
Already applied: [0000/00/00] Make \] robust on input line 83.
)

Class scrbook Warning: You've used obsolete option `bibtotocnumbered'.
(scrbook)              Usage of this option indicates an old document
(scrbook)              and changes compatibility level using
(scrbook)              `bibliography=totocnumbered,version=first,
(scrbook)              enabledeprecatedfontcommands' that may result
(scrbook)              in further warnings.
(scrbook)              If you don't want this, you should simply
(scrbook)              replace option `bibtotocnumbered' by `bibliography=totoc
numbered'.

Class scrbook Info: Switching compatibility level to `first'.

Class scrbook Warning: deprecated option `enabledeprecatedfontcommands'.
(scrbook)              Note, that this option was already depreacted when
(scrbook)              it has been defined. Support for old font commands
(scrbook)              has been removed from KOMA-Script more than one
(scrbook)              decade ago. It is not recommended to use them any
(scrbook)              longer. Therefore usage of this class option also
(scrbook)              is not recommended.


Class scrbook Warning: You've used obsolete option `liststotoc'.
(scrbook)              Usage of this option indicates an old document
(scrbook)              and changes compatibility level using
(scrbook)              `listof=totoc,version=first,
(scrbook)              enabledeprecatedfontcommands' that may result
(scrbook)              in further warnings.
(scrbook)              If you don't want this, you should simply
(scrbook)              replace option `liststotoc' by `listof=totoc'.

Class scrbook Info: Switching compatibility level to `first'.

Class scrbook Warning: deprecated option `enabledeprecatedfontcommands'.
(scrbook)              Note, that this option was already depreacted when
(scrbook)              it has been defined. Support for old font commands
(scrbook)              has been removed from KOMA-Script more than one
(scrbook)              decade ago. It is not recommended to use them any
(scrbook)              longer. Therefore usage of this class option also
(scrbook)              is not recommended.


Class scrbook Warning: You've used obsolete option `listsleft'.
(scrbook)              Usage of this option indicates an old document
(scrbook)              and changes compatibility level using
(scrbook)              `listof=flat,version=first,
(scrbook)              enabledeprecatedfontcommands' that may result
(scrbook)              in further warnings.
(scrbook)              If you don't want this, you should simply
(scrbook)              replace option `listsleft' by `listof=flat'.

Class scrbook Info: Switching compatibility level to `first'.

Class scrbook Warning: deprecated option `enabledeprecatedfontcommands'.
(scrbook)              Note, that this option was already depreacted when
(scrbook)              it has been defined. Support for old font commands
(scrbook)              has been removed from KOMA-Script more than one
(scrbook)              decade ago. It is not recommended to use them any
(scrbook)              longer. Therefore usage of this class option also
(scrbook)              is not recommended.


Class scrbook Warning: You've used obsolete option `pointlessnumbers'.
(scrbook)              Usage of this option indicates an old document
(scrbook)              and changes compatibility level using
(scrbook)              `numbers=noenddot,version=first,
(scrbook)              enabledeprecatedfontcommands' that may result
(scrbook)              in further warnings.
(scrbook)              If you don't want this, you should simply
(scrbook)              replace option `pointlessnumbers' by `numbers=noenddot'.


Class scrbook Info: Switching compatibility level to `first'.

Class scrbook Warning: deprecated option `enabledeprecatedfontcommands'.
(scrbook)              Note, that this option was already depreacted when
(scrbook)              it has been defined. Support for old font commands
(scrbook)              has been removed from KOMA-Script more than one
(scrbook)              decade ago. It is not recommended to use them any
(scrbook)              longer. Therefore usage of this class option also
(scrbook)              is not recommended.

Class scrbook Info: File `scrsize12pt.clo' used to setup font sizes on input li
ne 2490.
(/usr/share/texlive/texmf-dist/tex/latex/koma-script/scrsize12pt.clo
File: scrsize12pt.clo 2021/11/13 v3.35 KOMA-Script font size class option (12pt
)
)
(/usr/share/texlive/texmf-dist/tex/latex/koma-script/typearea.sty
Package: typearea 2021/11/13 v3.35 KOMA-Script package (type area)
\ta@bcor=\skip49
\ta@div=\count185
\ta@hblk=\skip50
\ta@vblk=\skip51
\ta@temp=\skip52
\footheight=\skip53
Package typearea Info: These are the values describing the layout:
(typearea)             DIV  = 22
(typearea)             BCOR = 42.67912pt
(typearea)             \paperwidth      = 597.50793pt
(typearea)              \textwidth      = 479.17036pt
(typearea)              DIV departure   = -14%
(typearea)              \evensidemargin = -21.83102pt
(typearea)              \oddsidemargin  = -4.37138pt
(typearea)             \paperheight     = 845.04694pt
(typearea)              \textheight     = 693.5pt
(typearea)              \topmargin      = -33.85876pt
(typearea)              \headheight     = 18.125pt
(typearea)              \headsep        = 21.75pt
(typearea)              \topskip        = 12.0pt
(typearea)              \footskip       = 50.75pt
(typearea)              \baselineskip   = 14.5pt
(typearea)              on input line 1743.
)
\c@part=\count186
\c@chapter=\count187
\c@section=\count188
\c@subsection=\count189
\c@subsubsection=\count190
\c@paragraph=\count191
\c@subparagraph=\count192
\scr@dte@chapter@maxnumwidth=\skip54
Class scrbook Info: using compatibility default `afterindent=bysign'
(scrbook)           for `\chapter on input line 5715.
\scr@dte@section@maxnumwidth=\skip55
Class scrbook Info: using compatibility default `runin=bysign'
(scrbook)           for `\section on input line 5726.
Class scrbook Info: using compatibility default `afterindent=bysign'
(scrbook)           for `\section on input line 5726.
\scr@dte@part@maxnumwidth=\skip56
Class scrbook Info: using compatibility default `afterindent=true'
(scrbook)           for `\part on input line 5735.
\scr@dte@subsection@maxnumwidth=\skip57
Class scrbook Info: using compatibility default `runin=bysign'
(scrbook)           for `\subsection on input line 5745.
Class scrbook Info: using compatibility default `afterindent=bysign'
(scrbook)           for `\subsection on input line 5745.
\scr@dte@subsubsection@maxnumwidth=\skip58
Class scrbook Info: using compatibility default `runin=bysign'
(scrbook)           for `\subsubsection on input line 5755.
Class scrbook Info: using compatibility default `afterindent=bysign'
(scrbook)           for `\subsubsection on input line 5755.
\scr@dte@paragraph@maxnumwidth=\skip59
Class scrbook Info: using compatibility default `runin=bysign'
(scrbook)           for `\paragraph on input line 5766.
Class scrbook Info: using compatibility default `afterindent=bysign'
(scrbook)           for `\paragraph on input line 5766.
\scr@dte@subparagraph@maxnumwidth=\skip60
Class scrbook Info: using compatibility default `runin=bysign'
(scrbook)           for `\subparagraph on input line 5776.
Class scrbook Info: using compatibility default `afterindent=bysign'
(scrbook)           for `\subparagraph on input line 5776.
\abovecaptionskip=\skip61
\belowcaptionskip=\skip62
\c@pti@nb@sid@b@x=\box51
Package tocbasic Info: babel extension for `lof' omitted
(tocbasic)             because of missing \bbl@set@language on input line 6962.

\scr@dte@figure@maxnumwidth=\skip63
\c@figure=\count193
Package tocbasic Info: babel extension for `lot' omitted
(tocbasic)             because of missing \bbl@set@language on input line 6978.

\scr@dte@table@maxnumwidth=\skip64
\c@table=\count194
Class scrbook Info: Using old \@makefntext due to compatibility level
(scrbook)           less than 3.22 on input line 7133.
Class scrbook Info: Redefining `\numberline' on input line 7146.
\bibindent=\dimen138
)
(/usr/share/texlive/texmf-dist/tex/latex/base/inputenc.sty
Package: inputenc 2021/02/14 v1.3d Input encoding file
\inpenc@prehook=\toks17
\inpenc@posthook=\toks18
)
(/usr/share/texlive/texmf-dist/tex/latex/base/fontenc.sty
Package: fontenc 2021/04/29 v2.0v Standard LaTeX package
)
(/usr/share/texlive/texmf-dist/tex/generic/babel/babel.sty
Package: babel 2022/01/26 3.70 The Babel package
\babel@savecnt=\count195
\U@D=\dimen139
\l@unhyphenated=\language8

(/usr/share/texlive/texmf-dist/tex/generic/babel/txtbabel.def)
\bbl@readstream=\read2
\bbl@dirlevel=\count196

(/usr/share/texlive/texmf-dist/tex/generic/babel-english/english.ldf
Language: english 2017/06/06 v3.3r English support from the babel system
Package babel Info: Hyphen rules for 'british' set to \l@english
(babel)             (\language0). Reported on input line 82.
Package babel Info: Hyphen rules for 'UKenglish' set to \l@english
(babel)             (\language0). Reported on input line 83.
Package babel Info: Hyphen rules for 'canadian' set to \l@english
(babel)             (\language0). Reported on input line 102.
Package babel Info: Hyphen rules for 'australian' set to \l@english
(babel)             (\language0). Reported on input line 105.
Package babel Info: Hyphen rules for 'newzealand' set to \l@english
(babel)             (\language0). Reported on input line 108.
))
(/usr/share/texlive/texmf-dist/tex/latex/cmap/cmap.sty
Package: cmap 2021/02/06 v1.0j CMap support: searchable PDF


Package cmap Warning: fontenc already loaded - some fonts may be unprocessed.

) (/usr/share/texlive/texmf-dist/tex/latex/koma-script/scrlayer-scrpage.sty
Package: scrlayer-scrpage 2021/11/13 v3.35 KOMA-Script package (end user interf
ace for scrlayer)

(/usr/share/texlive/texmf-dist/tex/latex/koma-script/scrlayer.sty
Package: scrlayer 2021/11/13 v3.35 KOMA-Script package (defining layers and pag
e styles)
Package scrlayer Info: Using already defined \footheight
(scrlayer)             hoping, that this is a length and
(scrlayer)             not only a macro on input line 136.
Package scrlayer Info: patching LaTeX kernel macro \pagestyle on input line 216
2.
)
Package scrlayer-scrpage Info: Makeing stand-alone element `pagehead' from
(scrlayer-scrpage)             alias to `pageheadfoot' on input line 1085.
Package scrlayer-scrpage Info: deactivating warning for font element
(scrlayer-scrpage)             `pagefoot' on input line 1109.
)
Package scrlayer-scrpage Info: auto-selection of `pagestyleset=KOMA-Script'.


Package scrlayer-scrpage Warning: replacing deprecated \clearscrheadfoot by
(scrlayer-scrpage)                \clearpairofpagestyles on input line 22.

1: subsection
1: section
1: section
1: subsection

Package scrlayer-scrpage Warning: Command deprecated!
(scrlayer-scrpage)                Usage of `\setheadtopline', `\setheadsepline'
,
(scrlayer-scrpage)                `\setfootsepline', and `\setfootbotline'
(scrlayer-scrpage)                became deprecated with scrlayer-scrpage.
(scrlayer-scrpage)                You should use KOMA-Script options
(scrlayer-scrpage)                `headsepline', `headtopline', `footsepline',
(scrlayer-scrpage)                or `footbotline' with values
(scrlayer-scrpage)                `<line thickness>:<line length>' to setup
(scrlayer-scrpage)                the line length and thickness, and
(scrlayer-scrpage)                `\setkomafont' or `\addtokomafont' to
(scrlayer-scrpage)                setup the colour on input line 25.

(/usr/share/texlive/texmf-dist/tex/latex/setspace/setspace.sty
Package: setspace 2011/12/19 v6.7a set line spacing
)
(/usr/share/texlive/texmf-dist/tex/latex/enumitem/enumitem.sty
Package: enumitem 2019/06/20 v3.9 Customized lists
\labelindent=\skip65
\enit@outerparindent=\dimen140
\enit@toks=\toks19
\enit@inbox=\box52
\enit@count@id=\count197
\enitdp@description=\count198
)
Class scrbook Info: Using old \@makefntext due to compatibility level
(scrbook)           less than 3.22 on input line 28.

(/usr/share/texlive/texmf-dist/tex/latex/hyperref/hyperref.sty
Package: hyperref 2021-06-07 v7.00m Hypertext links for LaTeX

(/usr/share/texlive/texmf-dist/tex/generic/ltxcmds/ltxcmds.sty
Package: ltxcmds 2020-05-10 v1.25 LaTeX kernel commands for general use (HO)
)
(/usr/share/texlive/texmf-dist/tex/generic/iftex/iftex.sty
Package: iftex 2020/03/06 v1.0d TeX engine tests
)
(/usr/share/texlive/texmf-dist/tex/generic/pdftexcmds/pdftexcmds.sty
Package: pdftexcmds 2020-06-27 v0.33 Utility functions of pdfTeX for LuaTeX (HO
)

(/usr/share/texlive/texmf-dist/tex/generic/infwarerr/infwarerr.sty
Package: infwarerr 2019/12/03 v1.5 Providing info/warning/error messages (HO)
)
Package pdftexcmds Info: \pdf@primitive is available.
Package pdftexcmds Info: \pdf@ifprimitive is available.
Package pdftexcmds Info: \pdfdraftmode found.
)
(/usr/share/texlive/texmf-dist/tex/generic/kvsetkeys/kvsetkeys.sty
Package: kvsetkeys 2019/12/15 v1.18 Key value parser (HO)
)
(/usr/share/texlive/texmf-dist/tex/generic/kvdefinekeys/kvdefinekeys.sty
Package: kvdefinekeys 2019-12-19 v1.6 Define keys (HO)
)
(/usr/share/texlive/texmf-dist/tex/generic/pdfescape/pdfescape.sty
Package: pdfescape 2019/12/09 v1.15 Implements pdfTeX's escape features (HO)
)
(/usr/share/texlive/texmf-dist/tex/latex/hycolor/hycolor.sty
Package: hycolor 2020-01-27 v1.10 Color options for hyperref/bookmark (HO)
)
(/usr/share/texlive/texmf-dist/tex/latex/letltxmacro/letltxmacro.sty
Package: letltxmacro 2019/12/03 v1.6 Let assignment for LaTeX macros (HO)
)
(/usr/share/texlive/texmf-dist/tex/latex/auxhook/auxhook.sty
Package: auxhook 2019-12-17 v1.6 Hooks for auxiliary files (HO)
)
(/usr/share/texlive/texmf-dist/tex/latex/kvoptions/kvoptions.sty
Package: kvoptions 2020-10-07 v3.14 Key value format for package options (HO)
)
\@linkdim=\dimen141
\Hy@linkcounter=\count199
\Hy@pagecounter=\count266

(/usr/share/texlive/texmf-dist/tex/latex/hyperref/pd1enc.def
File: pd1enc.def 2021-06-07 v7.00m Hyperref: PDFDocEncoding definition (HO)
Now handling font encoding PD1 ...
... no UTF-8 mapping file for font encoding PD1
)
(/usr/share/texlive/texmf-dist/tex/latex/hyperref/hyperref-langpatches.def
File: hyperref-langpatches.def 2021-06-07 v7.00m Hyperref: patches for babel la
nguages
)
(/usr/share/texlive/texmf-dist/tex/generic/intcalc/intcalc.sty
Package: intcalc 2019/12/15 v1.3 Expandable calculations with integers (HO)
)
(/usr/share/texlive/texmf-dist/tex/generic/etexcmds/etexcmds.sty
Package: etexcmds 2019/12/15 v1.7 Avoid name clashes with e-TeX commands (HO)
)
\Hy@SavedSpaceFactor=\count267

(/usr/share/texlive/texmf-dist/tex/latex/hyperref/puenc.def
File: puenc.def 2021-06-07 v7.00m Hyperref: PDF Unicode definition (HO)
Now handling font encoding PU ...
... no UTF-8 mapping file for font encoding PU
)
Package hyperref Info: Hyper figures OFF on input line 4192.
Package hyperref Info: Link nesting OFF on input line 4197.
Package hyperref Info: Hyper index ON on input line 4200.
Package hyperref Info: Plain pages OFF on input line 4207.
Package hyperref Info: Backreferencing OFF on input line 4212.
Package hyperref Info: Implicit mode ON; LaTeX internals redefined.
Package hyperref Info: Bookmarks ON on input line 4445.
\c@Hy@tempcnt=\count268

(/usr/share/texlive/texmf-dist/tex/latex/url/url.sty
\Urlmuskip=\muskip16
Package: url 2013/09/16  ver 3.4  Verb mode for urls, etc.
)
LaTeX Info: Redefining \url on input line 4804.
\XeTeXLinkMargin=\dimen142

(/usr/share/texlive/texmf-dist/tex/generic/bitset/bitset.sty
Package: bitset 2019/12/09 v1.3 Handle bit-vector datatype (HO)

(/usr/share/texlive/texmf-dist/tex/generic/bigintcalc/bigintcalc.sty
Package: bigintcalc 2019/12/15 v1.5 Expandable calculations on big integers (HO
)
))
\Fld@menulength=\count269
\Field@Width=\dimen143
\Fld@charsize=\dimen144
Package hyperref Info: Hyper figures OFF on input line 6076.
Package hyperref Info: Link nesting OFF on input line 6081.
Package hyperref Info: Hyper index ON on input line 6084.
Package hyperref Info: backreferencing OFF on input line 6091.
Package hyperref Info: Link coloring OFF on input line 6096.
Package hyperref Info: Link coloring with OCG OFF on input line 6101.
Package hyperref Info: PDF/A mode OFF on input line 6106.
LaTeX Info: Redefining \ref on input line 6146.
LaTeX Info: Redefining \pageref on input line 6150.

(/usr/share/texlive/texmf-dist/tex/latex/base/atbegshi-ltx.sty
Package: atbegshi-ltx 2021/01/10 v1.0c Emulation of the original atbegshi
package with kernel methods
)
\Hy@abspage=\count270
\c@Item=\count271
\c@Hfootnote=\count272
)
Package hyperref Info: Driver (autodetected): hpdftex.

(/usr/share/texlive/texmf-dist/tex/latex/hyperref/hpdftex.def
File: hpdftex.def 2021-06-07 v7.00m Hyperref driver for pdfTeX

(/usr/share/texlive/texmf-dist/tex/latex/base/atveryend-ltx.sty
Package: atveryend-ltx 2020/08/19 v1.0a Emulation of the original atveryend pac
kage
with kernel methods
)
\Fld@listcount=\count273
\c@bookmark@seq@number=\count274

(/usr/share/texlive/texmf-dist/tex/latex/rerunfilecheck/rerunfilecheck.sty
Package: rerunfilecheck 2019/12/05 v1.9 Rerun checks for auxiliary files (HO)

(/usr/share/texlive/texmf-dist/tex/generic/uniquecounter/uniquecounter.sty
Package: uniquecounter 2019/12/15 v1.4 Provide unlimited unique counter (HO)
)
Package uniquecounter Info: New unique counter `rerunfilecheck' on input line 2
86.
)
\Hy@SectionHShift=\skip66
)
(/usr/share/texlive/texmf-dist/tex/latex/xcolor/xcolor.sty
Package: xcolor 2021/10/31 v2.13 LaTeX color extensions (UK)

(/usr/share/texlive/texmf-dist/tex/latex/graphics-cfg/color.cfg
File: color.cfg 2016/01/02 v1.6 sample color configuration
)
Package xcolor Info: Driver file: pdftex.def on input line 227.

(/usr/share/texlive/texmf-dist/tex/latex/graphics-def/pdftex.def
File: pdftex.def 2020/10/05 v1.2a Graphics/color driver for pdftex
)
Package xcolor Info: Model `cmy' substituted by `cmy0' on input line 1352.
Package xcolor Info: Model `hsb' substituted by `rgb' on input line 1356.
Package xcolor Info: Model `RGB' extended on input line 1368.
Package xcolor Info: Model `HTML' substituted by `rgb' on input line 1370.
Package xcolor Info: Model `Hsb' substituted by `hsb' on input line 1371.
Package xcolor Info: Model `tHsb' substituted by `hsb' on input line 1372.
Package xcolor Info: Model `HSB' substituted by `hsb' on input line 1373.
Package xcolor Info: Model `Gray' substituted by `gray' on input line 1374.
Package xcolor Info: Model `wave' substituted by `hsb' on input line 1375.

(/usr/share/texlive/texmf-dist/tex/latex/graphics/dvipsnam.def
File: dvipsnam.def 2016/06/17 v3.0m Driver-dependent file (DPC,SPQR)
))
(/usr/share/texlive/texmf-dist/tex/latex/graphics/graphicx.sty
Package: graphicx 2021/09/16 v1.2d Enhanced LaTeX Graphics (DPC,SPQR)

(/usr/share/texlive/texmf-dist/tex/latex/graphics/graphics.sty
Package: graphics 2021/03/04 v1.4d Standard LaTeX Graphics (DPC,SPQR)

(/usr/share/texlive/texmf-dist/tex/latex/graphics/trig.sty
Package: trig 2021/08/11 v1.11 sin cos tan (DPC)
)
(/usr/share/texlive/texmf-dist/tex/latex/graphics-cfg/graphics.cfg
File: graphics.cfg 2016/06/04 v1.11 sample graphics configuration
)
Package graphics Info: Driver file: pdftex.def on input line 107.
)
\Gin@req@height=\dimen145
\Gin@req@width=\dimen146
)
(/usr/share/texlive/texmf-dist/tex/latex/tools/tabularx.sty
Package: tabularx 2020/01/15 v2.11c `tabularx' package (DPC)

(/usr/share/texlive/texmf-dist/tex/latex/tools/array.sty
Package: array 2021/10/04 v2.5f Tabular extension package (FMi)
\col@sep=\dimen147
\ar@mcellbox=\box53
\extrarowheight=\dimen148
\NC@list=\toks20
\extratabsurround=\skip67
\backup@length=\skip68
\ar@cellbox=\box54
)
\TX@col@width=\dimen149
\TX@old@table=\dimen150
\TX@old@col=\dimen151
\TX@target=\dimen152
\TX@delta=\dimen153
\TX@cols=\count275
\TX@ftn=\toks21
)
(/usr/share/texlive/texmf-dist/tex/latex/booktabs/booktabs.sty
Package: booktabs 2020/01/12 v1.61803398 Publication quality tables
\heavyrulewidth=\dimen154
\lightrulewidth=\dimen155
\cmidrulewidth=\dimen156
\belowrulesep=\dimen157
\belowbottomsep=\dimen158
\aboverulesep=\dimen159
\abovetopsep=\dimen160
\cmidrulesep=\dimen161
\cmidrulekern=\dimen162
\defaultaddspace=\dimen163
\@cmidla=\count276
\@cmidlb=\count277
\@aboverulesep=\dimen164
\@belowrulesep=\dimen165
\@thisruleclass=\count278
\@lastruleclass=\count279
\@thisrulewidth=\dimen166
)
(/usr/share/texlive/texmf-dist/tex/latex/amsmath/amsmath.sty
Package: amsmath 2021/10/15 v2.17l AMS math features
\@mathmargin=\skip69

For additional information on amsmath, use the `?' option.
(/usr/share/texlive/texmf-dist/tex/latex/amsmath/amstext.sty
Package: amstext 2021/08/26 v2.01 AMS text

(/usr/share/texlive/texmf-dist/tex/latex/amsmath/amsgen.sty
File: amsgen.sty 1999/11/30 v2.0 generic functions
\@emptytoks=\toks22
\ex@=\dimen167
))
(/usr/share/texlive/texmf-dist/tex/latex/amsmath/amsbsy.sty
Package: amsbsy 1999/11/29 v1.2d Bold Symbols
\pmbraise@=\dimen168
)
(/usr/share/texlive/texmf-dist/tex/latex/amsmath/amsopn.sty
Package: amsopn 2021/08/26 v2.02 operator names
)
\inf@bad=\count280
LaTeX Info: Redefining \frac on input line 234.
\uproot@=\count281
\leftroot@=\count282
LaTeX Info: Redefining \overline on input line 399.
\classnum@=\count283
\DOTSCASE@=\count284
LaTeX Info: Redefining \ldots on input line 496.
LaTeX Info: Redefining \dots on input line 499.
LaTeX Info: Redefining \cdots on input line 620.
\Mathstrutbox@=\box55
\strutbox@=\box56
\big@size=\dimen169
LaTeX Font Info:    Redeclaring font encoding OML on input line 743.
LaTeX Font Info:    Redeclaring font encoding OMS on input line 744.
\macc@depth=\count285
\c@MaxMatrixCols=\count286
\dotsspace@=\muskip17
\c@parentequation=\count287
\dspbrk@lvl=\count288
\tag@help=\toks23
\row@=\count289
\column@=\count290
\maxfields@=\count291
\andhelp@=\toks24
\eqnshift@=\dimen170
\alignsep@=\dimen171
\tagshift@=\dimen172
\tagwidth@=\dimen173
\totwidth@=\dimen174
\lineht@=\dimen175
\@envbody=\toks25
\multlinegap=\skip70
\multlinetaggap=\skip71
\mathdisplay@stack=\toks26
LaTeX Info: Redefining \[ on input line 2938.
LaTeX Info: Redefining \] on input line 2939.
)
(/usr/share/texlive/texmf-dist/tex/latex/amsfonts/amsfonts.sty
Package: amsfonts 2013/01/14 v3.01 Basic AMSFonts support
\symAMSa=\mathgroup4
\symAMSb=\mathgroup5
LaTeX Font Info:    Redeclaring math symbol \hbar on input line 98.
LaTeX Font Info:    Overwriting math alphabet `\mathfrak' in version `bold'
(Font)                  U/euf/m/n --> U/euf/b/n on input line 106.
)
(/usr/share/texlive/texmf-dist/tex/latex/amsfonts/amssymb.sty
Package: amssymb 2013/01/14 v3.01 AMS font symbols
)
(/usr/share/texlive/texmf-dist/tex/latex/base/flafter.sty
Package: flafter 2021/07/31 v1.4e Standard LaTeX floats after reference (FMi)
Applying: [2015/01/01] float order in 2-column on input line 49.
Already applied: [0000/00/00] float order in 2-column on input line 151.
)
(/usr/share/texlive/texmf-dist/tex/latex/tools/afterpage.sty
Package: afterpage 2014/10/28 v1.08 After-Page Package (DPC)
\AP@output=\toks27
\AP@partial=\box57
\AP@footins=\box58
)
(/usr/share/texlive/texmf-dist/tex/latex/placeins/placeins.sty
Package: placeins 2005/04/18  v 2.2
)
(/usr/share/texlive/texmf-dist/tex/latex/caption/caption.sty
Package: caption 2020/10/26 v3.5g Customizing captions (AR)

(/usr/share/texlive/texmf-dist/tex/latex/caption/caption3.sty
Package: caption3 2020/10/21 v2.2e caption3 kernel (AR)
\captionmargin=\dimen176
\captionmargin@=\dimen177
\captionwidth=\dimen178
\caption@tempdima=\dimen179
\caption@indent=\dimen180
\caption@parindent=\dimen181
\caption@hangindent=\dimen182
Package caption Info: KOMA-Script document class detected.

(/usr/share/texlive/texmf-dist/tex/latex/caption/caption-koma.sto
File: caption-koma.sto 2020/09/21 v2.0b Adaption of the caption package to the 
KOMA-Script document classes (AR)
))
\c@caption@flags=\count292
\c@continuedfloat=\count293
Package caption Info: hyperref package is loaded.
)
(/usr/share/texlive/texmf-dist/tex/latex/caption/subcaption.sty
Package: subcaption 2020/10/07 v1.3j Sub-captions (AR)
\c@subfigure=\count294
\c@subtable=\count295
)
(/usr/share/texlive/texmf-dist/tex/latex/tools/multicol.sty
Package: multicol 2021/10/28 v1.9b multicolumn formatting (FMi)
\c@tracingmulticols=\count296
\mult@box=\box59
\multicol@leftmargin=\dimen183
\c@unbalance=\count297
\c@collectmore=\count298
\doublecol@number=\count299
\multicoltolerance=\count300
\multicolpretolerance=\count301
\full@width=\dimen184
\page@free=\dimen185
\premulticols=\dimen186
\postmulticols=\dimen187
\multicolsep=\skip72
\multicolbaselineskip=\skip73
\partial@page=\box60
\last@line=\box61
\maxbalancingoverflow=\dimen188
\mult@rightbox=\box62
\mult@grightbox=\box63
\mult@firstbox=\box64
\mult@gfirstbox=\box65
\@tempa=\box66
\@tempa=\box67
\@tempa=\box68
\@tempa=\box69
\@tempa=\box70
\@tempa=\box71
\@tempa=\box72
\@tempa=\box73
\@tempa=\box74
\@tempa=\box75
\@tempa=\box76
\@tempa=\box77
\@tempa=\box78
\@tempa=\box79
\@tempa=\box80
\@tempa=\box81
\@tempa=\box82
\@tempa=\box83
\@tempa=\box84
\@tempa=\box85
\@tempa=\box86
\@tempa=\box87
\@tempa=\box88
\@tempa=\box89
\@tempa=\box90
\@tempa=\box91
\@tempa=\box92
\@tempa=\box93
\@tempa=\box94
\@tempa=\box95
\@tempa=\box96
\@tempa=\box97
\@tempa=\box98
\@tempa=\box99
\@tempa=\box100
\@tempa=\box101
\c@minrows=\count302
\c@columnbadness=\count303
\c@finalcolumnbadness=\count304
\last@try=\dimen189
\multicolovershoot=\dimen190
\multicolundershoot=\dimen191
\mult@nat@firstbox=\box102
\colbreak@box=\box103
\mc@col@check@num=\count305
))
(/usr/share/texlive/texmf-dist/tex/latex/lipsum/lipsum.sty
(/usr/share/texlive/texmf-dist/tex/latex/l3packages/l3keys2e/l3keys2e.sty
(/usr/share/texlive/texmf-dist/tex/latex/l3kernel/expl3.sty
Package: expl3 2022-01-21 L3 programming layer (loader) 

(/usr/share/texlive/texmf-dist/tex/latex/l3backend/l3backend-pdftex.def
File: l3backend-pdftex.def 2022-01-12 L3 backend support: PDF output (pdfTeX)
\l__color_backend_stack_int=\count306
\l__pdf_internal_box=\box104
))
Package: l3keys2e 2022-01-12 LaTeX2e option processing using LaTeX3 keys
)
Package: lipsum 2021-09-20 v2.7 150 paragraphs of Lorem Ipsum dummy text
\g__lipsum_par_int=\count307
\l__lipsum_a_int=\count308
\l__lipsum_b_int=\count309

(/usr/share/texlive/texmf-dist/tex/latex/lipsum/lipsum.ltd.tex))
(./Basics Summary.aux)
\openout1 = `"Basics Summary.aux"'.

LaTeX Font Info:    Checking defaults for OML/cmm/m/it on input line 2.
LaTeX Font Info:    ... okay on input line 2.
LaTeX Font Info:    Checking defaults for OMS/cmsy/m/n on input line 2.
LaTeX Font Info:    ... okay on input line 2.
LaTeX Font Info:    Checking defaults for OT1/cmr/m/n on input line 2.
LaTeX Font Info:    ... okay on input line 2.
LaTeX Font Info:    Checking defaults for T1/cmr/m/n on input line 2.
LaTeX Font Info:    ... okay on input line 2.
LaTeX Font Info:    Checking defaults for TS1/cmr/m/n on input line 2.
LaTeX Font Info:    ... okay on input line 2.
LaTeX Font Info:    Checking defaults for OMX/cmex/m/n on input line 2.
LaTeX Font Info:    ... okay on input line 2.
LaTeX Font Info:    Checking defaults for U/cmr/m/n on input line 2.
LaTeX Font Info:    ... okay on input line 2.
LaTeX Font Info:    Checking defaults for PD1/pdf/m/n on input line 2.
LaTeX Font Info:    ... okay on input line 2.
LaTeX Font Info:    Checking defaults for PU/pdf/m/n on input line 2.
LaTeX Font Info:    ... okay on input line 2.
Package scrbase Info: activating english \contentsname on input line 2.
Package scrbase Info: activating english \listfigurename on input line 2.
Package scrbase Info: activating english \listtablename on input line 2.
Package hyperref Info: Link coloring OFF on input line 2.

(/usr/share/texlive/texmf-dist/tex/latex/hyperref/nameref.sty
Package: nameref 2021-04-02 v2.47 Cross-referencing by name of section

(/usr/share/texlive/texmf-dist/tex/latex/refcount/refcount.sty
Package: refcount 2019/12/15 v3.6 Data extraction from label references (HO)
)
(/usr/share/texlive/texmf-dist/tex/generic/gettitlestring/gettitlestring.sty
Package: gettitlestring 2019/12/15 v1.6 Cleanup title references (HO)
)
\c@section@level=\count310
)
LaTeX Info: Redefining \ref on input line 2.
LaTeX Info: Redefining \pageref on input line 2.
LaTeX Info: Redefining \nameref on input line 2.

(./Basics Summary.out) (./Basics Summary.out)
\@outlinefile=\write3
\openout3 = `"Basics Summary.out"'.

Class scrbook Info: loading recommended package `bookmark'.
(scrbook)           Using `bookmark' together with `hyperref' is recommended,
(scrbook)           because of handling of possible bookmark level gaps.
(scrbook)           You can avoid loading `bookmark' with KOMA-Script option
(scrbook)           `bookmarkpackage=false' before \begin{document} and
(scrbook)           you can avoid this message adding:
(scrbook)             \usepackage{bookmark}
(scrbook)           before \begin{document} on input line 2.

(/usr/share/texlive/texmf-dist/tex/latex/bookmark/bookmark.sty
Package: bookmark 2020-11-06 v1.29 PDF bookmarks (HO)

(/usr/share/texlive/texmf-dist/tex/latex/bookmark/bkm-pdftex.def
File: bkm-pdftex.def 2020-11-06 v1.29 bookmark driver for pdfTeX (HO)
\BKM@id=\count311
))
(/usr/share/texlive/texmf-dist/tex/context/base/mkii/supp-pdf.mkii
[Loading MPS to PDF converter (version 2006.09.02).]
\scratchcounter=\count312
\scratchdimen=\dimen192
\scratchbox=\box105
\nofMPsegments=\count313
\nofMParguments=\count314
\everyMPshowfont=\toks28
\MPscratchCnt=\count315
\MPscratchDim=\dimen193
\MPnumerator=\count316
\makeMPintoPDFobject=\count317
\everyMPtoPDFconversion=\toks29
) (/usr/share/texlive/texmf-dist/tex/latex/epstopdf-pkg/epstopdf-base.sty
Package: epstopdf-base 2020-01-24 v2.11 Base part for package epstopdf
Package epstopdf-base Info: Redefining graphics rule for `.eps' on input line 4
85.

(/usr/share/texlive/texmf-dist/tex/latex/latexconfig/epstopdf-sys.cfg
File: epstopdf-sys.cfg 2010/07/13 v1.3 Configuration of (r)epstopdf for TeX Liv
e
))
Package caption Info: Begin \AtBeginDocument code.
Package caption Info: End \AtBeginDocument code.
<<ot1.cmap>><<oml.cmap>><<oms.cmap>><<omx.cmap>>
(/usr/share/texlive/texmf-dist/tex/latex/amsfonts/umsa.fd)
(/usr/share/texlive/texmf-dist/tex/latex/amsfonts/umsb.fd)<<t1.cmap>>
File: TU_Logo_SW.pdf Graphic file (type pdf)
<use TU_Logo_SW.pdf>
Package pdftex.def Info: TU_Logo_SW.pdf  used on input line 37.
(pdftex.def)             Requested size: 170.71652pt x 50.01544pt.
 [1



{/var/lib/texmf/fonts/map/pdftex/updmap/pdftex.map} <./TU_Logo_SW.pdf>] [2]
Underfull \hbox (badness 10000) in paragraph at lines 56--58

 []


Underfull \hbox (badness 10000) in paragraph at lines 60--62

 []

[3] [4


]
LaTeX Font Info:    Trying to load font information for T1+cmss on input line 6
7.
 (/usr/share/texlive/texmf-dist/tex/latex/base/t1cmss.fd
File: t1cmss.fd 2019/12/16 v2.5j Standard LaTeX font definitions
)
(./Basics Summary.toc
Overfull \hbox (6.59135pt too wide) detected at line 14
 []\T1/cmr/m/n/12 xxxv
 []


Overfull \hbox (9.85443pt too wide) detected at line 17
 []\T1/cmr/m/n/12 xxxix
 []


Overfull \hbox (1.04408pt too wide) detected at line 20
 []\T1/cmr/m/n/12 xliii
 []


Overfull \hbox (7.24394pt too wide) detected at line 27
 []\T1/cmr/m/n/12 xlviii
 []


Overfull \hbox (0.71779pt too wide) detected at line 39
 []\T1/cmr/m/n/12 lxiv
 []


Overfull \hbox (9.85443pt too wide) detected at line 48
 []\T1/cmr/m/n/12 lxxxv
 []


Overfull \hbox (13.11751pt too wide) detected at line 49
 []\T1/cmr/m/n/12 lxxxvi
 []


Overfull \hbox (19.64366pt too wide) detected at line 50
 []\T1/cmr/m/n/12 lxxxviii
 []


Overfull \hbox (3.00194pt too wide) detected at line 52
 []\T1/cmr/m/n/12 xciii
 []


Overfull \hbox (2.67564pt too wide) detected at line 53
 []\T1/cmr/m/n/12 xciv
 []


Overfull \hbox (2.67564pt too wide) detected at line 54
 []\T1/cmr/m/n/12 xciv
 []

[5] [6])
\tf@toc=\write4
\openout4 = `"Basics Summary.toc"'.

 [7] [8


]
chapter without number
[1


] [2


]
chapter without number

LaTeX Warning: Command \i invalid in math mode on input line 87.


LaTeX Warning: Command \i invalid in math mode on input line 87.


LaTeX Warning: Command \i invalid in math mode on input line 87.


LaTeX Warning: Command \i invalid in math mode on input line 87.


LaTeX Warning: Command \i invalid in math mode on input line 87.


LaTeX Warning: Command \i invalid in math mode on input line 87.


LaTeX Warning: Command \i invalid in math mode on input line 87.


LaTeX Warning: Command \i invalid in math mode on input line 87.


LaTeX Warning: Command \i invalid in math mode on input line 87.


LaTeX Warning: Command \i invalid in math mode on input line 87.


Overfull \hbox (27.56148pt too wide) detected at line 87
[]
 []

[3]
Underfull \hbox (badness 10000) in paragraph at lines 125--132

 []


Underfull \hbox (badness 10000) in paragraph at lines 125--132

 []

[4]
Underfull \hbox (badness 10000) in paragraph at lines 137--141

 []


Underfull \hbox (badness 10000) in paragraph at lines 147--155

 []


Underfull \hbox (badness 10000) in paragraph at lines 147--155

 []

[5]
Underfull \hbox (badness 10000) in paragraph at lines 156--157

 []


Underfull \hbox (badness 10000) in paragraph at lines 158--159

 []


Underfull \hbox (badness 10000) in paragraph at lines 160--161

 []


Underfull \vbox (badness 10000) has occurred while \output is active []

 [6]
Underfull \hbox (badness 10000) in paragraph at lines 162--163

 []


Underfull \hbox (badness 10000) in paragraph at lines 164--165

 []


Underfull \hbox (badness 10000) in paragraph at lines 166--167

 []


Underfull \hbox (badness 10000) in paragraph at lines 168--170

 []


Underfull \vbox (badness 6047) has occurred while \output is active []

 [7]
Underfull \hbox (badness 10000) in paragraph at lines 171--172

 []

[8] [9] [10]
Underfull \vbox (badness 10000) has occurred while \output is active []

 [11]
[12] [13]
Underfull \vbox (badness 10000) has occurred while \output is active []

 [14]
Underfull \vbox (badness 10000) has occurred while \output is active []

 [15]
Underfull \vbox (badness 1701) has occurred while \output is active []

 [16]
Underfull \vbox (badness 10000) has occurred while \output is active []

 [17]
[18]
Underfull \vbox (badness 10000) has occurred while \output is active []

 [19]
[20] [21]
<graphics/Bistable Evolution.png, id=409, 997.7275pt x 390.45876pt>
File: graphics/Bistable Evolution.png Graphic file (type png)
<use graphics/Bistable Evolution.png>
Package pdftex.def Info: graphics/Bistable Evolution.png  used on input line 61
6.
(pdftex.def)             Requested size: 369.88582pt x 144.75345pt.
 [22]
Underfull \vbox (badness 6758) has occurred while \output is active []

 [23 <./graphics/Bistable Evolution.png>]
Underfull \vbox (badness 1052) has occurred while \output is active []

 [24]
<graphics/FP-Phase-Diagram.png, id=442, 788.9475pt x 412.54124pt>
File: graphics/FP-Phase-Diagram.png Graphic file (type png)
<use graphics/FP-Phase-Diagram.png>
Package pdftex.def Info: graphics/FP-Phase-Diagram.png  used on input line 667.

(pdftex.def)             Requested size: 341.43306pt x 178.53494pt.

Underfull \vbox (badness 1325) has occurred while \output is active []

 [25 <./graphics/FP-Phase-Diagram.png>] [26] [27]
Underfull \vbox (badness 10000) has occurred while \output is active []

 [28]
<graphics/heat-finite-system.png, id=484, 480.79625pt x 350.30875pt>
File: graphics/heat-finite-system.png Graphic file (type png)
<use graphics/heat-finite-system.png>
Package pdftex.def Info: graphics/heat-finite-system.png  used on input line 80
3.
(pdftex.def)             Requested size: 284.52756pt x 207.31111pt.

Underfull \vbox (badness 6510) has occurred while \output is active []

 [29]
<graphics/corr-ffs.png, id=503, 664.4825pt x 369.38pt>
File: graphics/corr-ffs.png Graphic file (type png)
<use graphics/corr-ffs.png>
Package pdftex.def Info: graphics/corr-ffs.png  used on input line 825.
(pdftex.def)             Requested size: 341.43306pt x 189.80164pt.

[30 <./graphics/heat-finite-system.png>]
<graphics/binder-cum.pdf, id=518, 462.52798pt x 346.89601pt>
File: graphics/binder-cum.pdf Graphic file (type pdf)
<use graphics/binder-cum.pdf>
Package pdftex.def Info: graphics/binder-cum.pdf  used on input line 844.
(pdftex.def)             Requested size: 369.88582pt x 277.42719pt.
<graphics/critical_exponent.pdf, id=519, 462.52798pt x 346.89601pt>
File: graphics/critical_exponent.pdf Graphic file (type pdf)
<use graphics/critical_exponent.pdf>
Package pdftex.def Info: graphics/critical_exponent.pdf  used on input line 855
.
(pdftex.def)             Requested size: 341.43306pt x 256.085pt.

Underfull \vbox (badness 10000) has occurred while \output is active []

 [31 <./graphics/corr-ffs.png>]
Underfull \vbox (badness 1831) has occurred while \output is active []

 [32 <./graphics/binder-cum.pdf>]
<graphics/NER-m.png, id=895, 497.86pt x 458.71375pt>
File: graphics/NER-m.png Graphic file (type png)
<use graphics/NER-m.png>
Package pdftex.def Info: graphics/NER-m.png  used on input line 888.
(pdftex.def)             Requested size: 284.52756pt x 262.16249pt.
<graphics/NER-lambda_m.png, id=898, 662.475pt x 553.06625pt>
File: graphics/NER-lambda_m.png Graphic file (type png)
<use graphics/NER-lambda_m.png>
Package pdftex.def Info: graphics/NER-lambda_m.png  used on input line 902.
(pdftex.def)             Requested size: 284.52756pt x 237.53535pt.

Underfull \vbox (badness 10000) has occurred while \output is active []

 [33 <./graphics/critical_exponent.pdf>] [34 <./graphics/NER-m.png> <./graphics
/NER-lambda_m.png>]
<graphics/NER-nu.png, id=952, 829.0975pt x 738.76pt>
File: graphics/NER-nu.png Graphic file (type png)
<use graphics/NER-nu.png>
Package pdftex.def Info: graphics/NER-nu.png  used on input line 939.
(pdftex.def)             Requested size: 284.52756pt x 253.51976pt.
 [35]
Underfull \vbox (badness 4229) has occurred while \output is active []

 [36 <./graphics/NER-nu.png>]
Underfull \vbox (badness 10000) has occurred while \output is active []

 [37]
[38]
<graphics/corr-func-angle.png, id=1000, 312.41719pt x 225.09094pt>
File: graphics/corr-func-angle.png Graphic file (type png)
<use graphics/corr-func-angle.png>
Package pdftex.def Info: graphics/corr-func-angle.png  used on input line 1037.

(pdftex.def)             Requested size: 142.26378pt x 102.49896pt.

Underfull \vbox (badness 10000) has occurred while \output is active []

 [39 <./graphics/corr-func-angle.png>]
Underfull \vbox (badness 10000) has occurred while \output is active []

 [40]
Underfull \vbox (badness 10000) has occurred while \output is active []

 [41]
[42] [43]
Underfull \vbox (badness 10000) has occurred while \output is active []

 [44]
Underfull \vbox (badness 10000) has occurred while \output is active []

 [45]
[46] [47]
<graphics/Silicon-System.png, id=1114, 678.535pt x 336.25626pt>
File: graphics/Silicon-System.png Graphic file (type png)
<use graphics/Silicon-System.png>
Package pdftex.def Info: graphics/Silicon-System.png  used on input line 1295.
(pdftex.def)             Requested size: 369.88582pt x 183.29964pt.
 [48]
Underfull \vbox (badness 10000) has occurred while \output is active []

 [49]
Underfull \vbox (badness 1596) has occurred while \output is active []

 [50 <./graphics/Silicon-System.png>]
Underfull \vbox (badness 2837) has occurred while \output is active []

 [51]
[52]
<graphics/potential.png, id=1187, 1003.75pt x 1003.75pt>
File: graphics/potential.png Graphic file (type png)
<use graphics/potential.png>
Package pdftex.def Info: graphics/potential.png  used on input line 1418.
(pdftex.def)             Requested size: 341.43306pt x 341.43896pt.
 [53]
Underfull \vbox (badness 4205) has occurred while \output is active []

 [54 <./graphics/Potential.png>] [55]
<graphics/coordinate.png, id=1216, 1206.5075pt x 465.74pt>
File: graphics/coordinate.png Graphic file (type png)
<use graphics/coordinate.png>
Package pdftex.def Info: graphics/coordinate.png  used on input line 1486.
(pdftex.def)             Requested size: 284.52756pt x 109.83267pt.
 [56 <./graphics/coordinate.png>]
<graphics/coordinate-trafo.png, id=1226, 1003.75pt x 1003.75pt>
File: graphics/coordinate-trafo.png Graphic file (type png)
<use graphics/coordinate-trafo.png>
Package pdftex.def Info: graphics/coordinate-trafo.png  used on input line 1522
.
(pdftex.def)             Requested size: 341.43306pt x 341.43896pt.

Underfull \vbox (badness 10000) has occurred while \output is active []

 [57]
Underfull \vbox (badness 7415) has occurred while \output is active []

 [58 <./graphics/coordinate-trafo.png (PNG copy)>]
<graphics/dipole-ansatz.png, id=1249, 341.1144pt x 158.7531pt>
File: graphics/dipole-ansatz.png Graphic file (type png)
<use graphics/dipole-ansatz.png>
Package pdftex.def Info: graphics/dipole-ansatz.png  used on input line 1579.
(pdftex.def)             Requested size: 284.52756pt x 132.4239pt.
 [59]
<graphics/c(4x2)-dipole.png, id=1265, 552.1428pt x 269.0853pt>
File: graphics/c(4x2)-dipole.png Graphic file (type png)
<use graphics/c(4x2)-dipole.png>
Package pdftex.def Info: graphics/c(4x2)-dipole.png  used on input line 1609.
(pdftex.def)             Requested size: 191.66887pt x 93.40935pt.
<graphics/2x2-dipole.png, id=1266, 525.8847pt x 269.0853pt>
File: graphics/2x2-dipole.png Graphic file (type png)
<use graphics/2x2-dipole.png>
Package pdftex.def Info: graphics/2x2-dipole.png  used on input line 1615.
(pdftex.def)             Requested size: 191.66887pt x 98.07365pt.

Overfull \hbox (2.61047pt too wide) in paragraph at lines 1607--1619
[]$[]$ $[]$ 
 []

[60 <./graphics/dipole-ansatz.png> <./graphics/c(4x2)-dipole.png> <./graphics/2
x2-dipole.png>]
<graphics/DimerAngleParameterization.png, id=1279, 475.17525pt x 89.97615pt>
File: graphics/DimerAngleParameterization.png Graphic file (type png)
<use graphics/DimerAngleParameterization.png>
Package pdftex.def Info: graphics/DimerAngleParameterization.png  used on input
 line 1640.
(pdftex.def)             Requested size: 383.33775pt x 72.58783pt.
<graphics/CosOnSite.png, id=1281, 642.4pt x 481.8pt>
File: graphics/CosOnSite.png Graphic file (type png)
<use graphics/CosOnSite.png>
Package pdftex.def Info: graphics/CosOnSite.png  used on input line 1655.
(pdftex.def)             Requested size: 191.66887pt x 143.74713pt.
<graphics/ShiftedDoubleWell.png, id=1282, 642.4pt x 481.8pt>
File: graphics/ShiftedDoubleWell.png Graphic file (type png)
<use graphics/ShiftedDoubleWell.png>
Package pdftex.def Info: graphics/ShiftedDoubleWell.png  used on input line 165
8.
(pdftex.def)             Requested size: 191.66887pt x 143.74713pt.

Overfull \hbox (2.61047pt too wide) in paragraph at lines 1654--1660
[]$[]$ $[]$ 
 []

[61 <./graphics/DimerAngleParameterization.png>]
Underfull \vbox (badness 10000) has occurred while \output is active []

 [62 <./graphics/CosOnSite.png (PNG copy)> <./graphics/ShiftedDoubleWell.png (P
NG copy)>]
<graphics/DimerQParameterization.png, id=1302, 566.5968pt x 105.08058pt>
File: graphics/DimerQParameterization.png Graphic file (type png)
<use graphics/DimerQParameterization.png>
Package pdftex.def Info: graphics/DimerQParameterization.png  used on input lin
e 1698.
(pdftex.def)             Requested size: 383.33775pt x 71.09308pt.

Underfull \vbox (badness 4608) has occurred while \output is active []

 [63 <./graphics/DimerQParameterization.png>]
<graphics/Phase-Diagram-XY.png, id=1316, 721.69624pt x 786.94pt>
File: graphics/Phase-Diagram-XY.png Graphic file (type png)
<use graphics/Phase-Diagram-XY.png>
Package pdftex.def Info: graphics/Phase-Diagram-XY.png  used on input line 1728
.
(pdftex.def)             Requested size: 383.33775pt x 417.9888pt.

Underfull \vbox (badness 3954) has occurred while \output is active []

 [64]
[65 <./graphics/Phase-Diagram-XY.png>]
Underfull \vbox (badness 10000) has occurred while \output is active []

 [66]

LaTeX Warning: Command \textasciiacute invalid in math mode on input line 1782.



LaTeX Warning: Command \textasciiacute invalid in math mode on input line 1782.


Missing character: There is no ´ in font cmr8!

Underfull \vbox (badness 10000) has occurred while \output is active []

 [67]
Overfull \hbox (3.13692pt too wide) detected at line 1827
[]
 []


Overfull \hbox (3.13692pt too wide) detected at line 1831
[]
 []


Overfull \hbox (10.11536pt too wide) detected at line 1842
[]
 []


Underfull \vbox (badness 10000) has occurred while \output is active []

 [68]
Overfull \hbox (92.27583pt too wide) detected at line 1858
[]
 []


Overfull \hbox (23.37009pt too wide) detected at line 1864
[]
 []


Underfull \vbox (badness 10000) has occurred while \output is active []

 [69]
Overfull \hbox (20.80753pt too wide) detected at line 1874
[]
 []


Overfull \hbox (47.57996pt too wide) detected at line 1882
[]
 []


Underfull \vbox (badness 10000) has occurred while \output is active []

 [70]
Underfull \vbox (badness 10000) has occurred while \output is active []

 [71]
Overfull \hbox (46.79662pt too wide) detected at line 1941
[]
 []


Overfull \hbox (60.9505pt too wide) in paragraph at lines 1945--1947
\T1/cmr/m/n/12 Since we can ob-vi-ously re-name $\OML/cmm/m/it/12 n \OMS/cmsy/m
/n/12 ! \OML/cmm/m/it/12 k$ \T1/cmr/m/n/12 and $[][] \OT1/cmr/m/n/12 = []$\T1/c
mr/m/n/12 ,
 []


Underfull \vbox (badness 10000) has occurred while \output is active []

 [72]
Underfull \vbox (badness 10000) has occurred while \output is active []

 [73]
[74]
Underfull \vbox (badness 10000) has occurred while \output is active []

 [75]
Overfull \hbox (25.97446pt too wide) detected at line 2040
[]
 []


Overfull \hbox (2.4976pt too wide) detected at line 2044
[]
 []


Underfull \vbox (badness 10000) has occurred while \output is active []

 [76]
Underfull \vbox (badness 10000) has occurred while \output is active []

 [77]
[78]
Overfull \hbox (103.75983pt too wide) detected at line 2116
[]
 []


Overfull \hbox (38.33806pt too wide) detected at line 2121
[]
 []


Underfull \vbox (badness 10000) has occurred while \output is active []

 [79]
Underfull \vbox (badness 10000) has occurred while \output is active []

 [80]
Underfull \vbox (badness 10000) has occurred while \output is active []

 [81]
Underfull \vbox (badness 10000) has occurred while \output is active []

 [82]
[83]
Underfull \vbox (badness 10000) has occurred while \output is active []

 [84]
Overfull \hbox (41.78116pt too wide) detected at line 2292
[]
 []

[85]
<graphics/convharmonicmean.png, id=1531, 642.4pt x 481.8pt>
File: graphics/convharmonicmean.png Graphic file (type png)
<use graphics/convharmonicmean.png>
Package pdftex.def Info: graphics/convharmonicmean.png  used on input line 2331
.
(pdftex.def)             Requested size: 341.43306pt x 256.0806pt.

Underfull \vbox (badness 10000) has occurred while \output is active []

 [86]
<graphics/convharmonicmsd.png, id=1542, 462.528pt x 346.896pt>
File: graphics/convharmonicmsd.png Graphic file (type png)
<use graphics/convharmonicmsd.png>
Package pdftex.def Info: graphics/convharmonicmsd.png  used on input line 2354.

(pdftex.def)             Requested size: 341.43306pt x 256.08499pt.

[87 <./graphics/convharmonicmean.png (PNG copy)>]
<graphics/MSD-Euler-0.001.png, id=1553, 462.528pt x 346.896pt>
File: graphics/MSD-Euler-0.001.png Graphic file (type png)
<use graphics/MSD-Euler-0.001.png>
Package pdftex.def Info: graphics/MSD-Euler-0.001.png  used on input line 2370.

(pdftex.def)             Requested size: 191.66887pt x 143.75272pt.
<graphics/MSD-BBK-0.005.png, id=1554, 462.528pt x 346.896pt>
File: graphics/MSD-BBK-0.005.png Graphic file (type png)
<use graphics/MSD-BBK-0.005.png>
Package pdftex.def Info: graphics/MSD-BBK-0.005.png  used on input line 2375.
(pdftex.def)             Requested size: 191.66887pt x 143.75272pt.
<graphics/MSD-Euler-0.05.png, id=1555, 462.528pt x 346.896pt>
File: graphics/MSD-Euler-0.05.png Graphic file (type png)
<use graphics/MSD-Euler-0.05.png>
Package pdftex.def Info: graphics/MSD-Euler-0.05.png  used on input line 2380.
(pdftex.def)             Requested size: 191.66887pt x 143.75272pt.
<graphics/MSD-BBK-0.05.png, id=1556, 462.528pt x 346.896pt>
File: graphics/MSD-BBK-0.05.png Graphic file (type png)
<use graphics/MSD-BBK-0.05.png>
Package pdftex.def Info: graphics/MSD-BBK-0.05.png  used on input line 2385.
(pdftex.def)             Requested size: 191.66887pt x 143.75272pt.

Overfull \hbox (2.61047pt too wide) in paragraph at lines 2368--2389
[]$[]$ $[]$ 
 []


Overfull \hbox (2.61047pt too wide) in paragraph at lines 2368--2389
[]$ $[]$
 []

<graphics/Distribution-Euler-0.005.png, id=1557, 1001.7425pt x 712.6625pt>
File: graphics/Distribution-Euler-0.005.png Graphic file (type png)
<use graphics/Distribution-Euler-0.005.png>
Package pdftex.def Info: graphics/Distribution-Euler-0.005.png  used on input l
ine 2395.
(pdftex.def)             Requested size: 191.66887pt x 136.35335pt.
<graphics/Distribution-BBK-0.05.png, id=1558, 627.34375pt x 464.73625pt>
File: graphics/Distribution-BBK-0.05.png Graphic file (type png)
<use graphics/Distribution-BBK-0.05.png>
Package pdftex.def Info: graphics/Distribution-BBK-0.05.png  used on input line
 2400.
(pdftex.def)             Requested size: 191.66887pt x 141.989pt.

Overfull \hbox (2.61047pt too wide) in paragraph at lines 2393--2404
[]$[]$ $[]$ 
 []


Underfull \vbox (badness 1701) has occurred while \output is active []

 [88 <./graphics/convharmonicmsd.png>] [89 <./graphics/MSD-Euler-0.001.png> <./
graphics/MSD-BBK-0.005.png> <./graphics/MSD-Euler-0.05.png> <./graphics/MSD-BBK
-0.05.png> <./graphics/Distribution-Euler-0.005.png> <./graphics/Distribution-B
BK-0.05.png>]
Underfull \vbox (badness 10000) has occurred while \output is active []

 [90]
Underfull \vbox (badness 7486) has occurred while \output is active []

 [91]
Underfull \vbox (badness 2277) has occurred while \output is active []

 [92]
<graphics/qmvsclassical.png, id=1614, 642.4pt x 481.8pt>
File: graphics/qmvsclassical.png Graphic file (type png)
<use graphics/qmvsclassical.png>
Package pdftex.def Info: graphics/qmvsclassical.png  used on input line 2525.
(pdftex.def)             Requested size: 369.88582pt x 277.42249pt.

[93 <./graphics/qmvsclassical.png (PNG copy)>] [94]
<graphics/L_xi.png, id=1635, 462.528pt x 346.896pt>
File: graphics/L_xi.png Graphic file (type png)
<use graphics/L_xi.png>
Package pdftex.def Info: graphics/L_xi.png  used on input line 2576.
(pdftex.def)             Requested size: 191.66887pt x 143.75272pt.
<graphics/cum2.png, id=1636, 555.0336pt x 346.896pt>
File: graphics/cum2.png Graphic file (type png)
<use graphics/cum2.png>
Package pdftex.def Info: graphics/cum2.png  used on input line 2581.
(pdftex.def)             Requested size: 191.66887pt x 119.79039pt.
<graphics/critical exponent L_xi.png, id=1637, 555.0336pt x 346.896pt>
File: graphics/critical exponent L_xi.png Graphic file (type png)
<use graphics/critical exponent L_xi.png>
Package pdftex.def Info: graphics/critical exponent L_xi.png  used on input lin
e 2586.
(pdftex.def)             Requested size: 191.66887pt x 119.79039pt.
<graphics/critical exponent U_L.png, id=1638, 555.0336pt x 346.896pt>
File: graphics/critical exponent U_L.png Graphic file (type png)
<use graphics/critical exponent U_L.png>
Package pdftex.def Info: graphics/critical exponent U_L.png  used on input line
 2591.
(pdftex.def)             Requested size: 191.66887pt x 119.79039pt.

Overfull \hbox (2.61047pt too wide) in paragraph at lines 2574--2594
[]$[]$ $[]$ 
 []


Overfull \hbox (2.61047pt too wide) in paragraph at lines 2574--2594
[]$ $[]$ 
 []

<graphics/quench process.png, id=1641, 370.0224pt x 277.5168pt>
File: graphics/quench process.png Graphic file (type png)
<use graphics/quench process.png>
Package pdftex.def Info: graphics/quench process.png  used on input line 2618.
(pdftex.def)             Requested size: 191.66887pt x 143.7506pt.

Underfull \hbox (badness 1019) in paragraph at lines 2619--2619
[]\T1/cmr/bx/n/10.95 (a) |\T1/cmr/m/n/10.95 av-er-aged $\OML/cmm/m/it/10.95 ^^X
$ \T1/cmr/m/n/10.95 on time for dif-fer-ent
 []

<graphics/critical exponent z.png, id=1642, 462.528pt x 346.896pt>
File: graphics/critical exponent z.png Graphic file (type png)
<use graphics/critical exponent z.png>
Package pdftex.def Info: graphics/critical exponent z.png  used on input line 2
623.
(pdftex.def)             Requested size: 191.66887pt x 143.75272pt.

Overfull \hbox (2.61047pt too wide) in paragraph at lines 2616--2626
[]$[]$ $[]$ 
 []

[95] [96 <./graphics/L_xi.png> <./graphics/cum2.png> <./graphics/critical expon
ent L_xi.png> <./graphics/critical exponent U_L.png>] [97 <./graphics/quench pr
ocess.png> <./graphics/critical exponent z.png>]
<graphics/500x500.png, id=1674, 1204.5pt x 1003.75pt>
File: graphics/500x500.png Graphic file (type png)
<use graphics/500x500.png>
Package pdftex.def Info: graphics/500x500.png  used on input line 2674.
(pdftex.def)             Requested size: 369.88582pt x 308.23393pt.
 [98]
Underfull \vbox (badness 10000) has occurred while \output is active []

 [99 <./graphics/500x500.png (PNG copy)>]
<graphics/structfunc.png, id=1693, 1204.5pt x 602.25pt>
File: graphics/structfunc.png Graphic file (type png)
<use graphics/structfunc.png>
Package pdftex.def Info: graphics/structfunc.png  used on input line 2708.
(pdftex.def)             Requested size: 384.1122pt x 192.05309pt.

Overfull \hbox (0.98439pt too wide) in paragraph at lines 2705--2711
[]\T1/cmr/m/n/12 If i cal-cu-late $\OML/cmm/m/it/12 S[]\OT1/cmr/m/n/12 (\OML/cm
m/m/it/12 l\OT1/cmr/m/n/12 )$ \T1/cmr/m/n/12 and $\OML/cmm/m/it/12 S[]\OT1/cmr/
m/n/12 (\OML/cmm/m/it/12 k\OT1/cmr/m/n/12 )$ \T1/cmr/m/n/12 through trans-for-m
a-tion of the lat-tice, for a sin-gle tra-jec-tory/lattice
 []

[100 <./graphics/structfunc.png (PNG copy)>]
chapter 1.

Underfull \hbox (badness 10000) in paragraph at lines 2719--2720

 []


Underfull \hbox (badness 10000) in paragraph at lines 2721--2722

 []


Underfull \hbox (badness 10000) in paragraph at lines 2723--2724

 []


Underfull \hbox (badness 10000) in paragraph at lines 2725--2726

 []

pdfTeX warning (ext4): destination with the same identifier (name{page.1}) has 
been already used, duplicate ignored
<to be read again> 
                   \relax 
l.2726 	
         [1




]
Underfull \hbox (badness 10000) in paragraph at lines 2728--2729

 []


Underfull \hbox (badness 10000) in paragraph at lines 2730--2731

 []

LaTeX Font Info:    Trying to load font information for T1+cmtt on input line 2
732.
(/usr/share/texlive/texmf-dist/tex/latex/base/t1cmtt.fd
File: t1cmtt.fd 2019/12/16 v2.5j Standard LaTeX font definitions
)
Underfull \hbox (badness 10000) in paragraph at lines 2734--2735

 []

pdfTeX warning (ext4): destination with the same identifier (name{page.2}) has 
been already used, duplicate ignored
<to be read again> 
                   \relax 
l.2737 	\chapter
                {The Si(001) Surface} \label{Section::Silicon} [2]
chapter 2.
<graphics/Sili.png, id=1726, 853.5087pt x 820.2645pt>
File: graphics/Sili.png Graphic file (type png)
<use graphics/Sili.png>
Package pdftex.def Info: graphics/Sili.png  used on input line 2742.
(pdftex.def)             Requested size: 239.58517pt x 230.24823pt.
<graphics/p(2x1)-sym.png, id=1745, 137.74661pt x 104.64696pt>
File: graphics/p(2x1)-sym.png Graphic file (type png)
<use graphics/p(2x1)-sym.png>
Package pdftex.def Info: graphics/p(2x1)-sym.png  used on input line 2751.
(pdftex.def)             Requested size: 191.66887pt x 145.62329pt.
<graphics/c(4x2).png, id=1746, 137.74661pt x 106.2369pt>
File: graphics/c(4x2).png Graphic file (type png)
<use graphics/c(4x2).png>
Package pdftex.def Info: graphics/c(4x2).png  used on input line 2756.
(pdftex.def)             Requested size: 191.66887pt x 147.8358pt.

Overfull \hbox (2.61047pt too wide) in paragraph at lines 2749--2759
[]$[]$ $[]$ 
 []

pdfTeX warning (ext4): destination with the same identifier (name{page.3}) has 
been already used, duplicate ignored
<to be read again> 
                   \relax 
l.2762 	\section
                {Phase Transition of the Si(0,0,1) Surface} [3


 <./graphics/Sili.png>]
Underfull \hbox (badness 10000) in paragraph at lines 2763--2764

 []


Underfull \hbox (badness 10000) in paragraph at lines 2765--2766

 []

pdfTeX warning (ext4): destination with the same identifier (name{page.4}) has 
been already used, duplicate ignored
<to be read again> 
                   \relax 
l.2768 	\chapter
                {Phase Transitions} \label{Chapter::Phase-Transitions} [4 <./gr
aphics/p(2x1)-sym.png> <./graphics/c(4x2).png>]pdfTeX warning (ext4): destinati
on with the same identifier (name{page.5}) has been already used, duplicate ign
ored
<to be read again> 
                   \relax 
l.2768 	\chapter
                {Phase Transitions} \label{Chapter::Phase-Transitions} [5]pdfTe
X warning (ext4): destination with the same identifier (name{page.6}) has been 
already used, duplicate ignored
<to be read again> 
                   \relax 
l.2768 	\chapter
                {Phase Transitions} \label{Chapter::Phase-Transitions} [6


]
chapter 3.

Underfull \hbox (badness 10000) in paragraph at lines 2770--2771

 []


Underfull \hbox (badness 10000) in paragraph at lines 2786--2788

 []

pdfTeX warning (ext4): destination with the same identifier (name{page.7}) has 
been already used, duplicate ignored
<to be read again> 
                   \relax 
l.2788 
        [7]
<graphics/RG-Iteration.png, id=1790, 840.5557pt x 797.1937pt>
File: graphics/RG-Iteration.png Graphic file (type png)
<use graphics/RG-Iteration.png>
Package pdftex.def Info: graphics/RG-Iteration.png  used on input line 2794.
(pdftex.def)             Requested size: 335.41779pt x 318.11765pt.

Underfull \vbox (badness 10000) has occurred while \output is active []

pdfTeX warning (ext4): destination with the same identifier (name{page.8}) has 
been already used, duplicate ignored
<to be read again> 
                   \relax 
l.2814 	\end{equation}
                       [8]
Underfull \vbox (badness 10000) has occurred while \output is active []

 [9 <./graphics/RG-Iteration.png>]
Underfull \vbox (badness 10000) has occurred while \output is active []

 [10]
Underfull \hbox (badness 10000) in paragraph at lines 2893--2894

 []


Underfull \hbox (badness 10000) in paragraph at lines 2898--2900

 []

[11]
Underfull \hbox (badness 10000) in paragraph at lines 2931--2932

 []

[12]
Underfull \hbox (badness 10000) in paragraph at lines 2936--2960

 []


Underfull \hbox (badness 10000) in paragraph at lines 2961--2962

 []


Underfull \hbox (badness 10000) in paragraph at lines 2969--2970

 []

[13]
Underfull \hbox (badness 10000) in paragraph at lines 2971--2972

 []


Underfull \hbox (badness 10000) in paragraph at lines 2992--2994

 []

<graphics/xi-divergence4.png, id=1877, 462.528pt x 346.896pt>
File: graphics/xi-divergence4.png Graphic file (type png)
<use graphics/xi-divergence4.png>
Package pdftex.def Info: graphics/xi-divergence4.png  used on input line 2997.
(pdftex.def)             Requested size: 335.41779pt x 251.5752pt.
[14]
Underfull \vbox (badness 10000) has occurred while \output is active []

 [15 <./graphics/xi-divergence4.png>]

Package hyperref Warning: Token not allowed in a PDF string (Unicode):
(hyperref)                removing `math shift' on input line 3043.


Package hyperref Warning: Token not allowed in a PDF string (Unicode):
(hyperref)                removing `\tau' on input line 3043.


Package hyperref Warning: Token not allowed in a PDF string (Unicode):
(hyperref)                removing `math shift' on input line 3043.


Package hyperref Warning: Token not allowed in a PDF string (Unicode):
(hyperref)                removing `math shift' on input line 3043.


Package hyperref Warning: Token not allowed in a PDF string (Unicode):
(hyperref)                removing `math shift' on input line 3043.


Underfull \vbox (badness 10000) has occurred while \output is active []

 [16]
Underfull \hbox (badness 10000) in paragraph at lines 3047--3049

 []


Underfull \hbox (badness 10000) in paragraph at lines 3053--3055

 []


Underfull \vbox (badness 10000) has occurred while \output is active []

 [17]
Underfull \hbox (badness 10000) in paragraph at lines 3062--3063

 []

<graphics/KZM-divergences.png, id=1940, 620.43794pt x 531.1845pt>
File: graphics/KZM-divergences.png Graphic file (type png)
<use graphics/KZM-divergences.png>
Package pdftex.def Info: graphics/KZM-divergences.png  used on input line 3080.

(pdftex.def)             Requested size: 335.41779pt x 287.17577pt.

Underfull \vbox (badness 10000) has occurred while \output is active []

 [18]
Underfull \hbox (badness 10000) in paragraph at lines 3095--3098

 []


Underfull \vbox (badness 10000) has occurred while \output is active []

 [19 <./graphics/KZM-divergences.png>] [20]
chapter 4.

Underfull \vbox (badness 4792) has occurred while \output is active []

 [21


]
Underfull \vbox (badness 2726) has occurred while \output is active []

 [22]
Underfull \hbox (badness 10000) in paragraph at lines 3182--3183

 []


Underfull \vbox (badness 10000) has occurred while \output is active []

 [23]
Underfull \hbox (badness 10000) in paragraph at lines 3184--3185

 []


Underfull \vbox (badness 6445) has occurred while \output is active []

 [24]
Underfull \vbox (badness 10000) has occurred while \output is active []

 [25]

LaTeX Warning: Reference `???' on page 26 undefined on input line 3238.

[26]
Underfull \hbox (badness 10000) in paragraph at lines 3282--3284

 []


LaTeX Warning: Reference `label' on page 27 undefined on input line 3294.

[27]
Underfull \hbox (badness 10000) in paragraph at lines 3299--3300

 []


Underfull \hbox (badness 10000) in paragraph at lines 3312--3314

 []


Package caption Warning: \label without proper reference on input line 2757.
See the caption package documentation for explanation.


LaTeX Warning: Reference `c(4x2)' on page 28 undefined on input line 3315.


Underfull \hbox (badness 10000) in paragraph at lines 3315--3316

 []

[28]
Underfull \hbox (badness 10000) in paragraph at lines 3329--3330

 []


Underfull \hbox (badness 10000) in paragraph at lines 3348--3350

 []

[29]
Underfull \hbox (badness 10000) in paragraph at lines 3351--3352

 []


Underfull \hbox (badness 10000) in paragraph at lines 3360--3361

 []

File: graphics/DimerQParameterization.png Graphic file (type png)
<use graphics/DimerQParameterization.png>
Package pdftex.def Info: graphics/DimerQParameterization.png  used on input lin
e 3365.
(pdftex.def)             Requested size: 383.33775pt x 71.09308pt.
[30]
<graphics/XY-Silicon-potential.png, id=2143, 481.75182pt x 361.35pt>
File: graphics/XY-Silicon-potential.png Graphic file (type png)
<use graphics/XY-Silicon-potential.png>
Package pdftex.def Info: graphics/XY-Silicon-potential.png  used on input line 
3376.
(pdftex.def)             Requested size: 383.33775pt x 287.53102pt.
 [31 <./graphics/XY-Silicon-Potential.png>] [32]
chapter 5.

Underfull \hbox (badness 10000) in paragraph at lines 3409--3410

 []

<graphics/CPU-vs-GPU.png, id=2168, 868.39632pt x 228.08412pt>
File: graphics/CPU-vs-GPU.png Graphic file (type png)
<use graphics/CPU-vs-GPU.png>
Package pdftex.def Info: graphics/CPU-vs-GPU.png  used on input line 3414.
(pdftex.def)             Requested size: 383.33775pt x 100.68446pt.
[33


] [34 <./graphics/CPU-vs-GPU.png>]
File: graphics/MSD-Euler-0.001.png Graphic file (type png)
<use graphics/MSD-Euler-0.001.png>
Package pdftex.def Info: graphics/MSD-Euler-0.001.png  used on input line 3456.

(pdftex.def)             Requested size: 191.66887pt x 143.75272pt.
File: graphics/MSD-BBK-0.005.png Graphic file (type png)
<use graphics/MSD-BBK-0.005.png>
Package pdftex.def Info: graphics/MSD-BBK-0.005.png  used on input line 3461.
(pdftex.def)             Requested size: 191.66887pt x 143.75272pt.
File: graphics/MSD-Euler-0.05.png Graphic file (type png)
<use graphics/MSD-Euler-0.05.png>
Package pdftex.def Info: graphics/MSD-Euler-0.05.png  used on input line 3466.
(pdftex.def)             Requested size: 191.66887pt x 143.75272pt.
File: graphics/MSD-BBK-0.05.png Graphic file (type png)
<use graphics/MSD-BBK-0.05.png>
Package pdftex.def Info: graphics/MSD-BBK-0.05.png  used on input line 3471.
(pdftex.def)             Requested size: 191.66887pt x 143.75272pt.

Overfull \hbox (2.61047pt too wide) in paragraph at lines 3454--3474
[]$[]$ $[]$ 
 []


Overfull \hbox (2.61047pt too wide) in paragraph at lines 3454--3474
[]$ $[]$ 
 []


Underfull \hbox (badness 10000) in paragraph at lines 3479--3480

 []


Underfull \hbox (badness 10000) in paragraph at lines 3481--3482

 []

File: graphics/Distribution-Euler-0.005.png Graphic file (type png)
<use graphics/Distribution-Euler-0.005.png>
Package pdftex.def Info: graphics/Distribution-Euler-0.005.png  used on input l
ine 3488.
(pdftex.def)             Requested size: 191.66887pt x 136.35335pt.
File: graphics/Distribution-BBK-0.05.png Graphic file (type png)
<use graphics/Distribution-BBK-0.05.png>
Package pdftex.def Info: graphics/Distribution-BBK-0.05.png  used on input line
 3493.
(pdftex.def)             Requested size: 191.66887pt x 141.989pt.

Overfull \hbox (2.61047pt too wide) in paragraph at lines 3486--3496
[]$[]$ $[]$ 
 []


Underfull \hbox (badness 10000) in paragraph at lines 3501--3502

 []


Underfull \vbox (badness 10000) has occurred while \output is active []

 [35]
[36]
Overfull \hbox (36.26364pt too wide) in paragraph at lines 3503--3504
[]\T1/cmr/m/n/12 In []Fig-ure 5.4[][] we now show cuts of the in-te-grated prob
-a-bil-ity den-sity $\OML/cmm/m/it/12 p\OT1/cmr/m/n/12 (\OML/cmm/m/it/12 x[]; x
[]\OT1/cmr/m/n/12 ) = [][] \OML/cmm/m/it/12 p\OT1/cmr/m/n/12 (\OML/cmm/m/it/12 
x[]; x[]; v[]; v[]\OT1/cmr/m/n/12 )\OML/cmm/m/it/12 dv[]dv[]$
 []

<graphics/Pair-Equil-Dist-20.png, id=2210, 462.528pt x 346.896pt>
File: graphics/Pair-Equil-Dist-20.png Graphic file (type png)
<use graphics/Pair-Equil-Dist-20.png>
Package pdftex.def Info: graphics/Pair-Equil-Dist-20.png  used on input line 35
08.
(pdftex.def)             Requested size: 191.66887pt x 143.75272pt.
File: graphics/Pair-Equil-Dist-20.png Graphic file (type png)
<use graphics/Pair-Equil-Dist-20.png>
Package pdftex.def Info: graphics/Pair-Equil-Dist-20.png  used on input line 35
13.
(pdftex.def)             Requested size: 191.66887pt x 143.75272pt.

Overfull \hbox (2.61047pt too wide) in paragraph at lines 3506--3516
[]$[]$ $[]$ 
 []

[37]
Underfull \hbox (badness 10000) in paragraph at lines 3521--3522

 []


Underfull \hbox (badness 10000) in paragraph at lines 3529--3530

 []

[38 <./graphics/Pair-Equil-Dist-20.png>]
<graphics/cum_time_avg.png, id=2237, 462.528pt x 346.896pt>
File: graphics/cum_time_avg.png Graphic file (type png)
<use graphics/cum_time_avg.png>
Package pdftex.def Info: graphics/cum_time_avg.png  used on input line 3539.
(pdftex.def)             Requested size: 191.66887pt x 143.75272pt.
<graphics/critical_exponent_time_avg.png, id=2238, 462.528pt x 346.896pt>
File: graphics/critical_exponent_time_avg.png Graphic file (type png)
<use graphics/critical_exponent_time_avg.png>
Package pdftex.def Info: graphics/critical_exponent_time_avg.png  used on input
 line 3544.
(pdftex.def)             Requested size: 191.66887pt x 143.75272pt.

Overfull \hbox (2.61047pt too wide) in paragraph at lines 3537--3547
[]$[]$ $[]$ 
 []

<graphics/Tc-L.png, id=2239, 462.528pt x 346.896pt>
File: graphics/Tc-L.png Graphic file (type png)
<use graphics/Tc-L.png>
Package pdftex.def Info: graphics/Tc-L.png  used on input line 3553.
(pdftex.def)             Requested size: 383.33775pt x 287.51602pt.

Underfull \hbox (badness 10000) in paragraph at lines 3534--3558

 []


Underfull \vbox (badness 10000) has occurred while \output is active []

 [39]
[40 <./graphics/cum_time_avg.png> <./graphics/critical_exponent_time_avg.png> <
./graphics/Tc-L.png>]
Underfull \hbox (badness 10000) in paragraph at lines 3562--3563

 []


Underfull \hbox (badness 10000) in paragraph at lines 3564--3565

 []


LaTeX Warning: Reference `Fig::Quench-Result-c' on page 41 undefined on input l
ine 3566.


LaTeX Warning: Reference `Fig::Quench-Result-d' on page 41 undefined on input l
ine 3566.


Underfull \hbox (badness 10000) in paragraph at lines 3566--3567

 []

<graphics/xix-process.png, id=2262, 462.528pt x 346.896pt>
File: graphics/xix-process.png Graphic file (type png)
<use graphics/xix-process.png>
Package pdftex.def Info: graphics/xix-process.png  used on input line 3572.
(pdftex.def)             Requested size: 191.66887pt x 143.75272pt.

Underfull \hbox (badness 1436) in paragraph at lines 3573--3573
[]\T1/cmr/bx/n/10.95 (a) |\T1/cmr/m/n/10.95 The time-resolved quench-process
 []


Underfull \hbox (badness 3386) in paragraph at lines 3573--3573
\OML/cmm/m/it/10.95 ^^X[]\OT1/cmr/m/n/10.95 (\OML/cmm/m/it/10.95 t\OT1/cmr/m/n/
10.95 )$ \T1/cmr/m/n/10.95 for dif-fer-ent quench timescales
 []

<graphics/xiy-process.png, id=2263, 462.528pt x 346.896pt>
File: graphics/xiy-process.png Graphic file (type png)
<use graphics/xiy-process.png>
Package pdftex.def Info: graphics/xiy-process.png  used on input line 3577.
(pdftex.def)             Requested size: 191.66887pt x 143.75272pt.

Underfull \hbox (badness 1184) in paragraph at lines 3578--3578
[]\T1/cmr/bx/n/10.95 (b) |\T1/cmr/m/n/10.95 The time-resolved quench-process
 []

<graphics/xix-quench-scaling.png, id=2264, 462.528pt x 346.896pt>
File: graphics/xix-quench-scaling.png Graphic file (type png)
<use graphics/xix-quench-scaling.png>
Package pdftex.def Info: graphics/xix-quench-scaling.png  used on input line 35
82.
(pdftex.def)             Requested size: 191.66887pt x 143.75272pt.
<graphics/xiy-quench-scaling.png, id=2267, 462.528pt x 346.896pt>
File: graphics/xiy-quench-scaling.png Graphic file (type png)
<use graphics/xiy-quench-scaling.png>
Package pdftex.def Info: graphics/xiy-quench-scaling.png  used on input line 35
88.
(pdftex.def)             Requested size: 191.66887pt x 143.75272pt.

Overfull \hbox (2.61047pt too wide) in paragraph at lines 3570--3592
[]$[]$ $[]$ 
 []


Overfull \hbox (2.61047pt too wide) in paragraph at lines 3570--3592
[]$ $[]$ 
 []


Underfull \hbox (badness 10000) in paragraph at lines 3596--3597

 []

[41] [42 <./graphics/xix-process.png> <./graphics/xiy-process.png> <./graphics/
xix-quench-scaling.png> <./graphics/xiy-quench-scaling.png>]
<graphics/cum-over-time-scan.png, id=2296, 462.528pt x 346.896pt>
File: graphics/cum-over-time-scan.png Graphic file (type png)
<use graphics/cum-over-time-scan.png>
Package pdftex.def Info: graphics/cum-over-time-scan.png  used on input line 36
10.
(pdftex.def)             Requested size: 383.33775pt x 287.51602pt.

Underfull \hbox (badness 10000) in paragraph at lines 3606--3615

 []

[43 <./graphics/cum-over-time-scan.png>]

Package hyperref Warning: Token not allowed in a PDF string (Unicode):
(hyperref)                removing `math shift' on input line 3617.


Package hyperref Warning: Token not allowed in a PDF string (Unicode):
(hyperref)                removing `\xi' on input line 3617.


Package hyperref Warning: Token not allowed in a PDF string (Unicode):
(hyperref)                removing `subscript' on input line 3617.


Package hyperref Warning: Token not allowed in a PDF string (Unicode):
(hyperref)                removing `\delta' on input line 3617.


Package hyperref Warning: Token not allowed in a PDF string (Unicode):
(hyperref)                removing `superscript' on input line 3617.


Package hyperref Warning: Token not allowed in a PDF string (Unicode):
(hyperref)                removing `math shift' on input line 3617.


Underfull \hbox (badness 10000) in paragraph at lines 3625--3627

 []


Underfull \hbox (badness 10000) in paragraph at lines 3628--3629

 []

<graphics/amplitude-inverse-xi.png, id=2318, 693.792pt x 519.6213pt>
File: graphics/amplitude-inverse-xi.png Graphic file (type png)
<use graphics/amplitude-inverse-xi.png>
Package pdftex.def Info: graphics/amplitude-inverse-xi.png  used on input line 
3634.
(pdftex.def)             Requested size: 227.60518pt x 170.4686pt.
<graphics/amplitude-xi-divergence.png, id=2319, 693.792pt x 519.6213pt>
File: graphics/amplitude-xi-divergence.png Graphic file (type png)
<use graphics/amplitude-xi-divergence.png>
Package pdftex.def Info: graphics/amplitude-xi-divergence.png  used on input li
ne 3638.
(pdftex.def)             Requested size: 227.60518pt x 170.4686pt.

Overfull \hbox (2.61047pt too wide) in paragraph at lines 3632--3640
[]$[]$ $[]$ 
 []

[44] [45 <./graphics/amplitude-inverse-xi.png> <./graphics/amplitude-xi-diverge
nce.png>]
Underfull \hbox (badness 10000) in paragraph at lines 3649--3650

 []

[46]
Underfull \hbox (badness 10000) in paragraph at lines 3678--3680

 []


Underfull \hbox (badness 10000) in paragraph at lines 3700--3701

 []


Underfull \vbox (badness 1742) has occurred while \output is active []

 [47]
Underfull \hbox (badness 10000) in paragraph at lines 3716--3717

 []

[48]
Underfull \vbox (badness 10000) has occurred while \output is active []

 [49]
Underfull \vbox (badness 10000) has occurred while \output is active []

 [50]
[51] [52


]
chapter 6.
[53] [54


]
chapter A.

Underfull \vbox (badness 10000) has occurred while \output is active []

 [55]
Underfull \vbox (badness 10000) has occurred while \output is active []

 [56]
[57]
Underfull \vbox (badness 10000) has occurred while \output is active []

 [58]
Underfull \hbox (badness 10000) in paragraph at lines 3960--3963

 []


Underfull \hbox (badness 10000) in paragraph at lines 3971--3973

 []


Underfull \vbox (badness 10000) has occurred while \output is active []

 [59]
Underfull \vbox (badness 10000) has occurred while \output is active []

 [60]
(./Basics Summary.bbl [61] [62


]
chapter B.
[63] [64] [65] [66] [67] [68]
Underfull \hbox (badness 1292) in paragraph at lines 453--456
[]\T1/cmr/m/n/12 Wojciech H Zurek.  Cos-mo-log-i-cal ex-per-i-ments in su-per-f
luid he-lium?  \T1/cmr/m/it/12 Na-ture\T1/cmr/m/n/12 ,
 []

) [69] [70

] (./Basics Summary.aux)

LaTeX Warning: There were undefined references.

Package rerunfilecheck Info: File `"Basics Summary".out' has not changed.
(rerunfilecheck)             Checksum: D41D8CD98F00B204E9800998ECF8427E;0.
 ) 
Here is how much of TeX's memory you used:
 20297 strings out of 480194
 385160 string characters out of 5893742
 924120 words of memory out of 5000000
 36757 multiletter control sequences out of 15000+600000
 497505 words of font info for 100 fonts, out of 8000000 for 9000
 14 hyphenation exceptions out of 8191
 113i,21n,109p,10653b,662s stack positions out of 5000i,500n,10000p,200000b,80000s
 </home/andi/.texlive2021/texmf-var/fonts/pk/ljfour/jknappen/ec/ecss1200.600p
k> </home/andi/.texlive2021/texmf-var/fonts/pk/ljfour/jknappen/ec/ectt1200.600p
k> </home/andi/.texlive2021/texmf-var/fonts/pk/ljfour/jknappen/ec/ecti1200.600p
k> </home/andi/.texlive2021/texmf-var/fonts/pk/ljfour/jknappen/ec/ecrm1095.600p
k> </home/andi/.texlive2021/texmf-var/fonts/pk/ljfour/jknappen/ec/ecbx1095.600p
k> </home/andi/.texlive2021/texmf-var/fonts/pk/ljfour/jknappen/ec/ecrm0800.600p
k> </home/andi/.texlive2021/texmf-var/fonts/pk/ljfour/jknappen/ec/tcrm1200.600p
k> </home/andi/.texlive2021/texmf-var/fonts/pk/ljfour/jknappen/ec/ecbx1200.600p
k> </home/andi/.texlive2021/texmf-var/fonts/pk/ljfour/jknappen/ec/ecsx1440.600p
k> </home/andi/.texlive2021/texmf-var/fonts/pk/ljfour/jknappen/ec/ecsx1728.600p
k> </home/andi/.texlive2021/texmf-var/fonts/pk/ljfour/jknappen/ec/ecsl1200.600p
k> </home/andi/.texlive2021/texmf-var/fonts/pk/ljfour/jknappen/ec/ecsx1200.600p
k> </home/andi/.texlive2021/texmf-var/fonts/pk/ljfour/jknappen/ec/ecsx2488.600p
k> </home/andi/.texlive2021/texmf-var/fonts/pk/ljfour/jknappen/ec/ecbx1440.600p
k> </home/andi/.texlive2021/texmf-var/fonts/pk/ljfour/jknappen/ec/ecrm1200.600p
k> </home/andi/.texlive2021/texmf-var/fonts/pk/ljfour/jknappen/ec/ecrm1440.600p
k> </home/andi/.texlive2021/texmf-var/fonts/pk/ljfour/jknappen/ec/ecbx2488.600p
k></usr/share/texlive/texmf-dist/fonts/type1/public/amsfonts/cm/cmbsy10.pfb></u
sr/share/texlive/texmf-dist/fonts/type1/public/amsfonts/cm/cmbx12.pfb></usr/sha
re/texlive/texmf-dist/fonts/type1/public/amsfonts/cm/cmbx8.pfb></usr/share/texl
ive/texmf-dist/fonts/type1/public/amsfonts/cm/cmex10.pfb></usr/share/texlive/te
xmf-dist/fonts/type1/public/amsfonts/cmextra/cmex8.pfb></usr/share/texlive/texm
f-dist/fonts/type1/public/amsfonts/cm/cmmi10.pfb></usr/share/texlive/texmf-dist
/fonts/type1/public/amsfonts/cm/cmmi12.pfb></usr/share/texlive/texmf-dist/fonts
/type1/public/amsfonts/cm/cmmi6.pfb></usr/share/texlive/texmf-dist/fonts/type1/
public/amsfonts/cm/cmmi8.pfb></usr/share/texlive/texmf-dist/fonts/type1/public/
amsfonts/cm/cmmib10.pfb></usr/share/texlive/texmf-dist/fonts/type1/public/amsfo
nts/cmextra/cmmib8.pfb></usr/share/texlive/texmf-dist/fonts/type1/public/amsfon
ts/cm/cmr10.pfb></usr/share/texlive/texmf-dist/fonts/type1/public/amsfonts/cm/c
mr12.pfb></usr/share/texlive/texmf-dist/fonts/type1/public/amsfonts/cm/cmr6.pfb
></usr/share/texlive/texmf-dist/fonts/type1/public/amsfonts/cm/cmr8.pfb></usr/s
hare/texlive/texmf-dist/fonts/type1/public/amsfonts/cm/cmsy10.pfb></usr/share/t
exlive/texmf-dist/fonts/type1/public/amsfonts/cm/cmsy6.pfb></usr/share/texlive/
texmf-dist/fonts/type1/public/amsfonts/cm/cmsy8.pfb></usr/share/texlive/texmf-d
ist/fonts/type1/public/amsfonts/symbols/msam10.pfb></usr/share/texlive/texmf-di
st/fonts/type1/public/amsfonts/symbols/msam7.pfb></usr/share/texlive/texmf-dist
/fonts/type1/public/amsfonts/symbols/msbm10.pfb>
Output written on "Basics Summary.pdf" (178 pages, 7463047 bytes).
PDF statistics:
 3867 PDF objects out of 4296 (max. 8388607)
 2640 compressed objects within 27 object streams
 1075 named destinations out of 1200 (max. 500000)
 876 words of extra memory for PDF output out of 10000 (max. 10000000)

