This is pdfTeX, Version 3.141592653-2.6-1.40.22 (TeX Live 2022/dev/Debian) (preloaded format=pdflatex 2023.6.6)  6 FEB 2024 09:20
entering extended mode
 restricted \write18 enabled.
 %&-line parsing enabled.
**"Masters Thesis.tex"
(./Masters Thesis.tex
LaTeX2e <2021-11-15> patch level 1
L3 programming layer <2022-01-21> (./preamble.tex
(/usr/share/texlive/texmf-dist/tex/latex/koma-script/scrbook.cls
Document Class: scrbook 2021/11/13 v3.35 KOMA-Script document class (book)
(/usr/share/texlive/texmf-dist/tex/latex/koma-script/scrkbase.sty
Package: scrkbase 2021/11/13 v3.35 KOMA-Script package (KOMA-Script-dependent b
asics and keyval usage)

(/usr/share/texlive/texmf-dist/tex/latex/koma-script/scrbase.sty
Package: scrbase 2021/11/13 v3.35 KOMA-Script package (KOMA-Script-independent 
basics and keyval usage)

(/usr/share/texlive/texmf-dist/tex/latex/koma-script/scrlfile.sty
Package: scrlfile 2021/11/13 v3.35 KOMA-Script package (file load hooks)

(/usr/share/texlive/texmf-dist/tex/latex/koma-script/scrlfile-hook.sty
Package: scrlfile-hook 2021/11/13 v3.35 KOMA-Script package (using LaTeX hooks)


(/usr/share/texlive/texmf-dist/tex/latex/koma-script/scrlogo.sty
Package: scrlogo 2021/11/13 v3.35 KOMA-Script package (logo)
)))
(/usr/share/texlive/texmf-dist/tex/latex/graphics/keyval.sty
Package: keyval 2014/10/28 v1.15 key=value parser (DPC)
\KV@toks@=\toks16
)
Applying: [2021/05/01] Usage of raw or classic option list on input line 252.
Already applied: [0000/00/00] Usage of raw or classic option list on input line
 368.
))
(/usr/share/texlive/texmf-dist/tex/latex/koma-script/tocbasic.sty
Package: tocbasic 2021/11/13 v3.35 KOMA-Script package (handling toc-files)
\scr@dte@tocline@numberwidth=\skip47
\scr@dte@tocline@numbox=\box50
)
Package tocbasic Info: babel extension for `toc' omitted
(tocbasic)             because of missing \bbl@set@language on input line 137.

(/usr/share/texlive/texmf-dist/tex/latex/base/fleqn.clo
File: fleqn.clo 2016/12/29 v1.2b Standard LaTeX option (flush left equations)
\mathindent=\skip48
Applying: [2015/01/01] Make \[ robust on input line 50.
LaTeX Info: Redefining \[ on input line 51.
Already applied: [0000/00/00] Make \[ robust on input line 62.
Applying: [2015/01/01] Make \] robust on input line 74.
LaTeX Info: Redefining \] on input line 75.
Already applied: [0000/00/00] Make \] robust on input line 83.
)

Class scrbook Warning: You've used obsolete option `bibtotocnumbered'.
(scrbook)              Usage of this option indicates an old document
(scrbook)              and changes compatibility level using
(scrbook)              `bibliography=totocnumbered,version=first,
(scrbook)              enabledeprecatedfontcommands' that may result
(scrbook)              in further warnings.
(scrbook)              If you don't want this, you should simply
(scrbook)              replace option `bibtotocnumbered' by `bibliography=totoc
numbered'.

Class scrbook Info: Switching compatibility level to `first'.

Class scrbook Warning: deprecated option `enabledeprecatedfontcommands'.
(scrbook)              Note, that this option was already depreacted when
(scrbook)              it has been defined. Support for old font commands
(scrbook)              has been removed from KOMA-Script more than one
(scrbook)              decade ago. It is not recommended to use them any
(scrbook)              longer. Therefore usage of this class option also
(scrbook)              is not recommended.


Class scrbook Warning: You've used obsolete option `liststotoc'.
(scrbook)              Usage of this option indicates an old document
(scrbook)              and changes compatibility level using
(scrbook)              `listof=totoc,version=first,
(scrbook)              enabledeprecatedfontcommands' that may result
(scrbook)              in further warnings.
(scrbook)              If you don't want this, you should simply
(scrbook)              replace option `liststotoc' by `listof=totoc'.

Class scrbook Info: Switching compatibility level to `first'.

Class scrbook Warning: deprecated option `enabledeprecatedfontcommands'.
(scrbook)              Note, that this option was already depreacted when
(scrbook)              it has been defined. Support for old font commands
(scrbook)              has been removed from KOMA-Script more than one
(scrbook)              decade ago. It is not recommended to use them any
(scrbook)              longer. Therefore usage of this class option also
(scrbook)              is not recommended.


Class scrbook Warning: You've used obsolete option `listsleft'.
(scrbook)              Usage of this option indicates an old document
(scrbook)              and changes compatibility level using
(scrbook)              `listof=flat,version=first,
(scrbook)              enabledeprecatedfontcommands' that may result
(scrbook)              in further warnings.
(scrbook)              If you don't want this, you should simply
(scrbook)              replace option `listsleft' by `listof=flat'.

Class scrbook Info: Switching compatibility level to `first'.

Class scrbook Warning: deprecated option `enabledeprecatedfontcommands'.
(scrbook)              Note, that this option was already depreacted when
(scrbook)              it has been defined. Support for old font commands
(scrbook)              has been removed from KOMA-Script more than one
(scrbook)              decade ago. It is not recommended to use them any
(scrbook)              longer. Therefore usage of this class option also
(scrbook)              is not recommended.


Class scrbook Warning: You've used obsolete option `pointlessnumbers'.
(scrbook)              Usage of this option indicates an old document
(scrbook)              and changes compatibility level using
(scrbook)              `numbers=noenddot,version=first,
(scrbook)              enabledeprecatedfontcommands' that may result
(scrbook)              in further warnings.
(scrbook)              If you don't want this, you should simply
(scrbook)              replace option `pointlessnumbers' by `numbers=noenddot'.


Class scrbook Info: Switching compatibility level to `first'.

Class scrbook Warning: deprecated option `enabledeprecatedfontcommands'.
(scrbook)              Note, that this option was already depreacted when
(scrbook)              it has been defined. Support for old font commands
(scrbook)              has been removed from KOMA-Script more than one
(scrbook)              decade ago. It is not recommended to use them any
(scrbook)              longer. Therefore usage of this class option also
(scrbook)              is not recommended.

Class scrbook Info: File `scrsize12pt.clo' used to setup font sizes on input li
ne 2490.
(/usr/share/texlive/texmf-dist/tex/latex/koma-script/scrsize12pt.clo
File: scrsize12pt.clo 2021/11/13 v3.35 KOMA-Script font size class option (12pt
)
)
(/usr/share/texlive/texmf-dist/tex/latex/koma-script/typearea.sty
Package: typearea 2021/11/13 v3.35 KOMA-Script package (type area)
\ta@bcor=\skip49
\ta@div=\count185
\ta@hblk=\skip50
\ta@vblk=\skip51
\ta@temp=\skip52
\footheight=\skip53
Package typearea Info: These are the values describing the layout:
(typearea)             DIV  = 22
(typearea)             BCOR = 42.67912pt
(typearea)             \paperwidth      = 597.50793pt
(typearea)              \textwidth      = 479.17036pt
(typearea)              DIV departure   = -14%
(typearea)              \evensidemargin = -21.83102pt
(typearea)              \oddsidemargin  = -4.37138pt
(typearea)             \paperheight     = 845.04694pt
(typearea)              \textheight     = 693.5pt
(typearea)              \topmargin      = -33.85876pt
(typearea)              \headheight     = 18.125pt
(typearea)              \headsep        = 21.75pt
(typearea)              \topskip        = 12.0pt
(typearea)              \footskip       = 50.75pt
(typearea)              \baselineskip   = 14.5pt
(typearea)              on input line 1743.
)
\c@part=\count186
\c@chapter=\count187
\c@section=\count188
\c@subsection=\count189
\c@subsubsection=\count190
\c@paragraph=\count191
\c@subparagraph=\count192
\scr@dte@chapter@maxnumwidth=\skip54
Class scrbook Info: using compatibility default `afterindent=bysign'
(scrbook)           for `\chapter on input line 5715.
\scr@dte@section@maxnumwidth=\skip55
Class scrbook Info: using compatibility default `runin=bysign'
(scrbook)           for `\section on input line 5726.
Class scrbook Info: using compatibility default `afterindent=bysign'
(scrbook)           for `\section on input line 5726.
\scr@dte@part@maxnumwidth=\skip56
Class scrbook Info: using compatibility default `afterindent=true'
(scrbook)           for `\part on input line 5735.
\scr@dte@subsection@maxnumwidth=\skip57
Class scrbook Info: using compatibility default `runin=bysign'
(scrbook)           for `\subsection on input line 5745.
Class scrbook Info: using compatibility default `afterindent=bysign'
(scrbook)           for `\subsection on input line 5745.
\scr@dte@subsubsection@maxnumwidth=\skip58
Class scrbook Info: using compatibility default `runin=bysign'
(scrbook)           for `\subsubsection on input line 5755.
Class scrbook Info: using compatibility default `afterindent=bysign'
(scrbook)           for `\subsubsection on input line 5755.
\scr@dte@paragraph@maxnumwidth=\skip59
Class scrbook Info: using compatibility default `runin=bysign'
(scrbook)           for `\paragraph on input line 5766.
Class scrbook Info: using compatibility default `afterindent=bysign'
(scrbook)           for `\paragraph on input line 5766.
\scr@dte@subparagraph@maxnumwidth=\skip60
Class scrbook Info: using compatibility default `runin=bysign'
(scrbook)           for `\subparagraph on input line 5776.
Class scrbook Info: using compatibility default `afterindent=bysign'
(scrbook)           for `\subparagraph on input line 5776.
\abovecaptionskip=\skip61
\belowcaptionskip=\skip62
\c@pti@nb@sid@b@x=\box51
Package tocbasic Info: babel extension for `lof' omitted
(tocbasic)             because of missing \bbl@set@language on input line 6962.

\scr@dte@figure@maxnumwidth=\skip63
\c@figure=\count193
Package tocbasic Info: babel extension for `lot' omitted
(tocbasic)             because of missing \bbl@set@language on input line 6978.

\scr@dte@table@maxnumwidth=\skip64
\c@table=\count194
Class scrbook Info: Using old \@makefntext due to compatibility level
(scrbook)           less than 3.22 on input line 7133.
Class scrbook Info: Redefining `\numberline' on input line 7146.
\bibindent=\dimen138
)
(/usr/share/texlive/texmf-dist/tex/latex/base/inputenc.sty
Package: inputenc 2021/02/14 v1.3d Input encoding file
\inpenc@prehook=\toks17
\inpenc@posthook=\toks18
)
(/usr/share/texlive/texmf-dist/tex/latex/base/fontenc.sty
Package: fontenc 2021/04/29 v2.0v Standard LaTeX package
)
(/usr/share/texlive/texmf-dist/tex/generic/babel/babel.sty
Package: babel 2022/01/26 3.70 The Babel package
\babel@savecnt=\count195
\U@D=\dimen139
\l@unhyphenated=\language10

(/usr/share/texlive/texmf-dist/tex/generic/babel/txtbabel.def)
\bbl@readstream=\read2
\bbl@dirlevel=\count196

(/usr/share/texlive/texmf-dist/tex/generic/babel-english/english.ldf
Language: english 2017/06/06 v3.3r English support from the babel system
Package babel Info: Hyphen rules for 'canadian' set to \l@english
(babel)             (\language0). Reported on input line 102.
Package babel Info: Hyphen rules for 'australian' set to \l@ukenglish
(babel)             (\language6). Reported on input line 105.
Package babel Info: Hyphen rules for 'newzealand' set to \l@ukenglish
(babel)             (\language6). Reported on input line 108.
))
(/usr/share/texlive/texmf-dist/tex/latex/cmap/cmap.sty
Package: cmap 2021/02/06 v1.0j CMap support: searchable PDF


Package cmap Warning: fontenc already loaded - some fonts may be unprocessed.

) (/usr/share/texlive/texmf-dist/tex/latex/koma-script/scrlayer-scrpage.sty
Package: scrlayer-scrpage 2021/11/13 v3.35 KOMA-Script package (end user interf
ace for scrlayer)

(/usr/share/texlive/texmf-dist/tex/latex/koma-script/scrlayer.sty
Package: scrlayer 2021/11/13 v3.35 KOMA-Script package (defining layers and pag
e styles)
Package scrlayer Info: Using already defined \footheight
(scrlayer)             hoping, that this is a length and
(scrlayer)             not only a macro on input line 136.
Package scrlayer Info: patching LaTeX kernel macro \pagestyle on input line 216
2.
)
Package scrlayer-scrpage Info: Makeing stand-alone element `pagehead' from
(scrlayer-scrpage)             alias to `pageheadfoot' on input line 1085.
Package scrlayer-scrpage Info: deactivating warning for font element
(scrlayer-scrpage)             `pagefoot' on input line 1109.
)
Package scrlayer-scrpage Info: auto-selection of `pagestyleset=KOMA-Script'.


Package scrlayer-scrpage Warning: replacing deprecated \clearscrheadfoot by
(scrlayer-scrpage)                \clearpairofpagestyles on input line 22.

1: subsection
1: section
1: section
1: subsection

Package scrlayer-scrpage Warning: Command deprecated!
(scrlayer-scrpage)                Usage of `\setheadtopline', `\setheadsepline'
,
(scrlayer-scrpage)                `\setfootsepline', and `\setfootbotline'
(scrlayer-scrpage)                became deprecated with scrlayer-scrpage.
(scrlayer-scrpage)                You should use KOMA-Script options
(scrlayer-scrpage)                `headsepline', `headtopline', `footsepline',
(scrlayer-scrpage)                or `footbotline' with values
(scrlayer-scrpage)                `<line thickness>:<line length>' to setup
(scrlayer-scrpage)                the line length and thickness, and
(scrlayer-scrpage)                `\setkomafont' or `\addtokomafont' to
(scrlayer-scrpage)                setup the colour on input line 25.

(/usr/share/texlive/texmf-dist/tex/latex/setspace/setspace.sty
Package: setspace 2011/12/19 v6.7a set line spacing
)
Class scrbook Info: Using old \@makefntext due to compatibility level
(scrbook)           less than 3.22 on input line 27.

(/usr/share/texlive/texmf-dist/tex/latex/graphics/graphicx.sty
Package: graphicx 2021/09/16 v1.2d Enhanced LaTeX Graphics (DPC,SPQR)

(/usr/share/texlive/texmf-dist/tex/latex/graphics/graphics.sty
Package: graphics 2021/03/04 v1.4d Standard LaTeX Graphics (DPC,SPQR)

(/usr/share/texlive/texmf-dist/tex/latex/graphics/trig.sty
Package: trig 2021/08/11 v1.11 sin cos tan (DPC)
)
(/usr/share/texlive/texmf-dist/tex/latex/graphics-cfg/graphics.cfg
File: graphics.cfg 2016/06/04 v1.11 sample graphics configuration
)
Package graphics Info: Driver file: pdftex.def on input line 107.

(/usr/share/texlive/texmf-dist/tex/latex/graphics-def/pdftex.def
File: pdftex.def 2020/10/05 v1.2a Graphics/color driver for pdftex
))
\Gin@req@height=\dimen140
\Gin@req@width=\dimen141
)
(/usr/share/texlive/texmf-dist/tex/latex/xcolor/xcolor.sty
Package: xcolor 2021/10/31 v2.13 LaTeX color extensions (UK)

(/usr/share/texlive/texmf-dist/tex/latex/graphics-cfg/color.cfg
File: color.cfg 2016/01/02 v1.6 sample color configuration
)
Package xcolor Info: Driver file: pdftex.def on input line 227.
Package xcolor Info: Model `cmy' substituted by `cmy0' on input line 1352.
Package xcolor Info: Model `hsb' substituted by `rgb' on input line 1356.
Package xcolor Info: Model `RGB' extended on input line 1368.
Package xcolor Info: Model `HTML' substituted by `rgb' on input line 1370.
Package xcolor Info: Model `Hsb' substituted by `hsb' on input line 1371.
Package xcolor Info: Model `tHsb' substituted by `hsb' on input line 1372.
Package xcolor Info: Model `HSB' substituted by `hsb' on input line 1373.
Package xcolor Info: Model `Gray' substituted by `gray' on input line 1374.
Package xcolor Info: Model `wave' substituted by `hsb' on input line 1375.
)
(/usr/share/texlive/texmf-dist/tex/latex/tools/tabularx.sty
Package: tabularx 2020/01/15 v2.11c `tabularx' package (DPC)

(/usr/share/texlive/texmf-dist/tex/latex/tools/array.sty
Package: array 2021/10/04 v2.5f Tabular extension package (FMi)
\col@sep=\dimen142
\ar@mcellbox=\box52
\extrarowheight=\dimen143
\NC@list=\toks19
\extratabsurround=\skip65
\backup@length=\skip66
\ar@cellbox=\box53
)
\TX@col@width=\dimen144
\TX@old@table=\dimen145
\TX@old@col=\dimen146
\TX@target=\dimen147
\TX@delta=\dimen148
\TX@cols=\count197
\TX@ftn=\toks20
)
(/usr/share/texlive/texmf-dist/tex/latex/amsmath/amsmath.sty
Package: amsmath 2021/10/15 v2.17l AMS math features
\@mathmargin=\skip67

For additional information on amsmath, use the `?' option.
(/usr/share/texlive/texmf-dist/tex/latex/amsmath/amstext.sty
Package: amstext 2021/08/26 v2.01 AMS text

(/usr/share/texlive/texmf-dist/tex/latex/amsmath/amsgen.sty
File: amsgen.sty 1999/11/30 v2.0 generic functions
\@emptytoks=\toks21
\ex@=\dimen149
))
(/usr/share/texlive/texmf-dist/tex/latex/amsmath/amsbsy.sty
Package: amsbsy 1999/11/29 v1.2d Bold Symbols
\pmbraise@=\dimen150
)
(/usr/share/texlive/texmf-dist/tex/latex/amsmath/amsopn.sty
Package: amsopn 2021/08/26 v2.02 operator names
)
\inf@bad=\count198
LaTeX Info: Redefining \frac on input line 234.
\uproot@=\count199
\leftroot@=\count266
LaTeX Info: Redefining \overline on input line 399.
\classnum@=\count267
\DOTSCASE@=\count268
LaTeX Info: Redefining \ldots on input line 496.
LaTeX Info: Redefining \dots on input line 499.
LaTeX Info: Redefining \cdots on input line 620.
\Mathstrutbox@=\box54
\strutbox@=\box55
\big@size=\dimen151
LaTeX Font Info:    Redeclaring font encoding OML on input line 743.
LaTeX Font Info:    Redeclaring font encoding OMS on input line 744.
\macc@depth=\count269
\c@MaxMatrixCols=\count270
\dotsspace@=\muskip16
\c@parentequation=\count271
\dspbrk@lvl=\count272
\tag@help=\toks22
\row@=\count273
\column@=\count274
\maxfields@=\count275
\andhelp@=\toks23
\eqnshift@=\dimen152
\alignsep@=\dimen153
\tagshift@=\dimen154
\tagwidth@=\dimen155
\totwidth@=\dimen156
\lineht@=\dimen157
\@envbody=\toks24
\multlinegap=\skip68
\multlinetaggap=\skip69
\mathdisplay@stack=\toks25
LaTeX Info: Redefining \[ on input line 2938.
LaTeX Info: Redefining \] on input line 2939.
)
(/usr/share/texlive/texmf-dist/tex/latex/amsfonts/amsfonts.sty
Package: amsfonts 2013/01/14 v3.01 Basic AMSFonts support
\symAMSa=\mathgroup4
\symAMSb=\mathgroup5
LaTeX Font Info:    Redeclaring math symbol \hbar on input line 98.
LaTeX Font Info:    Overwriting math alphabet `\mathfrak' in version `bold'
(Font)                  U/euf/m/n --> U/euf/b/n on input line 106.
)
(/usr/share/texlive/texmf-dist/tex/latex/amsfonts/amssymb.sty
Package: amssymb 2013/01/14 v3.01 AMS font symbols
)
(/usr/share/texlive/texmf-dist/tex/latex/base/flafter.sty
Package: flafter 2021/07/31 v1.4e Standard LaTeX floats after reference (FMi)
Applying: [2015/01/01] float order in 2-column on input line 49.
Already applied: [0000/00/00] float order in 2-column on input line 151.
)
(/usr/share/texlive/texmf-dist/tex/latex/tools/afterpage.sty
Package: afterpage 2014/10/28 v1.08 After-Page Package (DPC)
\AP@output=\toks26
\AP@partial=\box56
\AP@footins=\box57
)
(/usr/share/texlive/texmf-dist/tex/latex/hyperref/hyperref.sty
Package: hyperref 2021-06-07 v7.00m Hypertext links for LaTeX

(/usr/share/texlive/texmf-dist/tex/generic/ltxcmds/ltxcmds.sty
Package: ltxcmds 2020-05-10 v1.25 LaTeX kernel commands for general use (HO)
)
(/usr/share/texlive/texmf-dist/tex/generic/iftex/iftex.sty
Package: iftex 2020/03/06 v1.0d TeX engine tests
)
(/usr/share/texlive/texmf-dist/tex/generic/pdftexcmds/pdftexcmds.sty
Package: pdftexcmds 2020-06-27 v0.33 Utility functions of pdfTeX for LuaTeX (HO
)

(/usr/share/texlive/texmf-dist/tex/generic/infwarerr/infwarerr.sty
Package: infwarerr 2019/12/03 v1.5 Providing info/warning/error messages (HO)
)
Package pdftexcmds Info: \pdf@primitive is available.
Package pdftexcmds Info: \pdf@ifprimitive is available.
Package pdftexcmds Info: \pdfdraftmode found.
)
(/usr/share/texlive/texmf-dist/tex/generic/kvsetkeys/kvsetkeys.sty
Package: kvsetkeys 2019/12/15 v1.18 Key value parser (HO)
)
(/usr/share/texlive/texmf-dist/tex/generic/kvdefinekeys/kvdefinekeys.sty
Package: kvdefinekeys 2019-12-19 v1.6 Define keys (HO)
)
(/usr/share/texlive/texmf-dist/tex/generic/pdfescape/pdfescape.sty
Package: pdfescape 2019/12/09 v1.15 Implements pdfTeX's escape features (HO)
)
(/usr/share/texlive/texmf-dist/tex/latex/hycolor/hycolor.sty
Package: hycolor 2020-01-27 v1.10 Color options for hyperref/bookmark (HO)
)
(/usr/share/texlive/texmf-dist/tex/latex/letltxmacro/letltxmacro.sty
Package: letltxmacro 2019/12/03 v1.6 Let assignment for LaTeX macros (HO)
)
(/usr/share/texlive/texmf-dist/tex/latex/auxhook/auxhook.sty
Package: auxhook 2019-12-17 v1.6 Hooks for auxiliary files (HO)
)
(/usr/share/texlive/texmf-dist/tex/latex/kvoptions/kvoptions.sty
Package: kvoptions 2020-10-07 v3.14 Key value format for package options (HO)
)
\@linkdim=\dimen158
\Hy@linkcounter=\count276
\Hy@pagecounter=\count277

(/usr/share/texlive/texmf-dist/tex/latex/hyperref/pd1enc.def
File: pd1enc.def 2021-06-07 v7.00m Hyperref: PDFDocEncoding definition (HO)
Now handling font encoding PD1 ...
... no UTF-8 mapping file for font encoding PD1
)
(/usr/share/texlive/texmf-dist/tex/latex/hyperref/hyperref-langpatches.def
File: hyperref-langpatches.def 2021-06-07 v7.00m Hyperref: patches for babel la
nguages
)
(/usr/share/texlive/texmf-dist/tex/generic/intcalc/intcalc.sty
Package: intcalc 2019/12/15 v1.3 Expandable calculations with integers (HO)
)
(/usr/share/texlive/texmf-dist/tex/generic/etexcmds/etexcmds.sty
Package: etexcmds 2019/12/15 v1.7 Avoid name clashes with e-TeX commands (HO)
)
\Hy@SavedSpaceFactor=\count278

(/usr/share/texlive/texmf-dist/tex/latex/hyperref/puenc.def
File: puenc.def 2021-06-07 v7.00m Hyperref: PDF Unicode definition (HO)
Now handling font encoding PU ...
... no UTF-8 mapping file for font encoding PU
)
Package hyperref Info: Hyper figures OFF on input line 4192.
Package hyperref Info: Link nesting OFF on input line 4197.
Package hyperref Info: Hyper index ON on input line 4200.
Package hyperref Info: Plain pages OFF on input line 4207.
Package hyperref Info: Backreferencing OFF on input line 4212.
Package hyperref Info: Implicit mode ON; LaTeX internals redefined.
Package hyperref Info: Bookmarks ON on input line 4445.
\c@Hy@tempcnt=\count279

(/usr/share/texlive/texmf-dist/tex/latex/url/url.sty
\Urlmuskip=\muskip17
Package: url 2013/09/16  ver 3.4  Verb mode for urls, etc.
)
LaTeX Info: Redefining \url on input line 4804.
\XeTeXLinkMargin=\dimen159

(/usr/share/texlive/texmf-dist/tex/generic/bitset/bitset.sty
Package: bitset 2019/12/09 v1.3 Handle bit-vector datatype (HO)

(/usr/share/texlive/texmf-dist/tex/generic/bigintcalc/bigintcalc.sty
Package: bigintcalc 2019/12/15 v1.5 Expandable calculations on big integers (HO
)
))
\Fld@menulength=\count280
\Field@Width=\dimen160
\Fld@charsize=\dimen161
Package hyperref Info: Hyper figures OFF on input line 6076.
Package hyperref Info: Link nesting OFF on input line 6081.
Package hyperref Info: Hyper index ON on input line 6084.
Package hyperref Info: backreferencing OFF on input line 6091.
Package hyperref Info: Link coloring OFF on input line 6096.
Package hyperref Info: Link coloring with OCG OFF on input line 6101.
Package hyperref Info: PDF/A mode OFF on input line 6106.
LaTeX Info: Redefining \ref on input line 6146.
LaTeX Info: Redefining \pageref on input line 6150.

(/usr/share/texlive/texmf-dist/tex/latex/base/atbegshi-ltx.sty
Package: atbegshi-ltx 2021/01/10 v1.0c Emulation of the original atbegshi
package with kernel methods
)
\Hy@abspage=\count281
\c@Item=\count282
\c@Hfootnote=\count283
)
Package hyperref Info: Driver (autodetected): hpdftex.

(/usr/share/texlive/texmf-dist/tex/latex/hyperref/hpdftex.def
File: hpdftex.def 2021-06-07 v7.00m Hyperref driver for pdfTeX

(/usr/share/texlive/texmf-dist/tex/latex/base/atveryend-ltx.sty
Package: atveryend-ltx 2020/08/19 v1.0a Emulation of the original atveryend pac
kage
with kernel methods
)
\Fld@listcount=\count284
\c@bookmark@seq@number=\count285

(/usr/share/texlive/texmf-dist/tex/latex/rerunfilecheck/rerunfilecheck.sty
Package: rerunfilecheck 2019/12/05 v1.9 Rerun checks for auxiliary files (HO)

(/usr/share/texlive/texmf-dist/tex/generic/uniquecounter/uniquecounter.sty
Package: uniquecounter 2019/12/15 v1.4 Provide unlimited unique counter (HO)
)
Package uniquecounter Info: New unique counter `rerunfilecheck' on input line 2
86.
)
\Hy@SectionHShift=\skip70
)
(/usr/share/texlive/texmf-dist/tex/latex/placeins/placeins.sty
Package: placeins 2005/04/18  v 2.2
)
(/usr/share/texlive/texmf-dist/tex/latex/caption/caption.sty
Package: caption 2020/10/26 v3.5g Customizing captions (AR)

(/usr/share/texlive/texmf-dist/tex/latex/caption/caption3.sty
Package: caption3 2020/10/21 v2.2e caption3 kernel (AR)
\captionmargin=\dimen162
\captionmargin@=\dimen163
\captionwidth=\dimen164
\caption@tempdima=\dimen165
\caption@indent=\dimen166
\caption@parindent=\dimen167
\caption@hangindent=\dimen168
Package caption Info: KOMA-Script document class detected.

(/usr/share/texlive/texmf-dist/tex/latex/caption/caption-koma.sto
File: caption-koma.sto 2020/09/21 v2.0b Adaption of the caption package to the 
KOMA-Script document classes (AR)
))
\c@caption@flags=\count286
\c@continuedfloat=\count287
Package caption Info: hyperref package is loaded.
)
(/usr/share/texlive/texmf-dist/tex/latex/caption/subcaption.sty
Package: subcaption 2020/10/07 v1.3j Sub-captions (AR)
\c@subfigure=\count288
\c@subtable=\count289
)
(/usr/share/texlive/texmf-dist/tex/latex/tools/multicol.sty
Package: multicol 2021/10/28 v1.9b multicolumn formatting (FMi)
\c@tracingmulticols=\count290
\mult@box=\box58
\multicol@leftmargin=\dimen169
\c@unbalance=\count291
\c@collectmore=\count292
\doublecol@number=\count293
\multicoltolerance=\count294
\multicolpretolerance=\count295
\full@width=\dimen170
\page@free=\dimen171
\premulticols=\dimen172
\postmulticols=\dimen173
\multicolsep=\skip71
\multicolbaselineskip=\skip72
\partial@page=\box59
\last@line=\box60
\maxbalancingoverflow=\dimen174
\mult@rightbox=\box61
\mult@grightbox=\box62
\mult@firstbox=\box63
\mult@gfirstbox=\box64
\@tempa=\box65
\@tempa=\box66
\@tempa=\box67
\@tempa=\box68
\@tempa=\box69
\@tempa=\box70
\@tempa=\box71
\@tempa=\box72
\@tempa=\box73
\@tempa=\box74
\@tempa=\box75
\@tempa=\box76
\@tempa=\box77
\@tempa=\box78
\@tempa=\box79
\@tempa=\box80
\@tempa=\box81
\@tempa=\box82
\@tempa=\box83
\@tempa=\box84
\@tempa=\box85
\@tempa=\box86
\@tempa=\box87
\@tempa=\box88
\@tempa=\box89
\@tempa=\box90
\@tempa=\box91
\@tempa=\box92
\@tempa=\box93
\@tempa=\box94
\@tempa=\box95
\@tempa=\box96
\@tempa=\box97
\@tempa=\box98
\@tempa=\box99
\@tempa=\box100
\c@minrows=\count296
\c@columnbadness=\count297
\c@finalcolumnbadness=\count298
\last@try=\dimen175
\multicolovershoot=\dimen176
\multicolundershoot=\dimen177
\mult@nat@firstbox=\box101
\colbreak@box=\box102
\mc@col@check@num=\count299
))
(/usr/share/texlive/texmf-dist/tex/latex/lipsum/lipsum.sty
(/usr/share/texlive/texmf-dist/tex/latex/l3packages/l3keys2e/l3keys2e.sty
(/usr/share/texlive/texmf-dist/tex/latex/l3kernel/expl3.sty
Package: expl3 2022-01-21 L3 programming layer (loader) 

(/usr/share/texlive/texmf-dist/tex/latex/l3backend/l3backend-pdftex.def
File: l3backend-pdftex.def 2022-01-12 L3 backend support: PDF output (pdfTeX)
\l__color_backend_stack_int=\count300
\l__pdf_internal_box=\box103
))
Package: l3keys2e 2022-01-12 LaTeX2e option processing using LaTeX3 keys
)
Package: lipsum 2021-09-20 v2.7 150 paragraphs of Lorem Ipsum dummy text
\g__lipsum_par_int=\count301
\l__lipsum_a_int=\count302
\l__lipsum_b_int=\count303

(/usr/share/texlive/texmf-dist/tex/latex/lipsum/lipsum.ltd.tex))
(./Masters Thesis.aux)
\openout1 = `"Masters Thesis.aux"'.

LaTeX Font Info:    Checking defaults for OML/cmm/m/it on input line 2.
LaTeX Font Info:    ... okay on input line 2.
LaTeX Font Info:    Checking defaults for OMS/cmsy/m/n on input line 2.
LaTeX Font Info:    ... okay on input line 2.
LaTeX Font Info:    Checking defaults for OT1/cmr/m/n on input line 2.
LaTeX Font Info:    ... okay on input line 2.
LaTeX Font Info:    Checking defaults for T1/cmr/m/n on input line 2.
LaTeX Font Info:    ... okay on input line 2.
LaTeX Font Info:    Checking defaults for TS1/cmr/m/n on input line 2.
LaTeX Font Info:    ... okay on input line 2.
LaTeX Font Info:    Checking defaults for OMX/cmex/m/n on input line 2.
LaTeX Font Info:    ... okay on input line 2.
LaTeX Font Info:    Checking defaults for U/cmr/m/n on input line 2.
LaTeX Font Info:    ... okay on input line 2.
LaTeX Font Info:    Checking defaults for PD1/pdf/m/n on input line 2.
LaTeX Font Info:    ... okay on input line 2.
LaTeX Font Info:    Checking defaults for PU/pdf/m/n on input line 2.
LaTeX Font Info:    ... okay on input line 2.
Package scrbase Info: activating english \contentsname on input line 2.
Package scrbase Info: activating english \listfigurename on input line 2.
Package scrbase Info: activating english \listtablename on input line 2.

(/usr/share/texlive/texmf-dist/tex/context/base/mkii/supp-pdf.mkii
[Loading MPS to PDF converter (version 2006.09.02).]
\scratchcounter=\count304
\scratchdimen=\dimen178
\scratchbox=\box104
\nofMPsegments=\count305
\nofMParguments=\count306
\everyMPshowfont=\toks27
\MPscratchCnt=\count307
\MPscratchDim=\dimen179
\MPnumerator=\count308
\makeMPintoPDFobject=\count309
\everyMPtoPDFconversion=\toks28
) (/usr/share/texlive/texmf-dist/tex/latex/epstopdf-pkg/epstopdf-base.sty
Package: epstopdf-base 2020-01-24 v2.11 Base part for package epstopdf
Package epstopdf-base Info: Redefining graphics rule for `.eps' on input line 4
85.

(/usr/share/texlive/texmf-dist/tex/latex/latexconfig/epstopdf-sys.cfg
File: epstopdf-sys.cfg 2010/07/13 v1.3 Configuration of (r)epstopdf for TeX Liv
e
))
Package hyperref Info: Link coloring OFF on input line 2.

(/usr/share/texlive/texmf-dist/tex/latex/hyperref/nameref.sty
Package: nameref 2021-04-02 v2.47 Cross-referencing by name of section

(/usr/share/texlive/texmf-dist/tex/latex/refcount/refcount.sty
Package: refcount 2019/12/15 v3.6 Data extraction from label references (HO)
)
(/usr/share/texlive/texmf-dist/tex/generic/gettitlestring/gettitlestring.sty
Package: gettitlestring 2019/12/15 v1.6 Cleanup title references (HO)
)
\c@section@level=\count310
)
LaTeX Info: Redefining \ref on input line 2.
LaTeX Info: Redefining \pageref on input line 2.
LaTeX Info: Redefining \nameref on input line 2.

(./Masters Thesis.out) (./Masters Thesis.out)
\@outlinefile=\write3
\openout3 = `"Masters Thesis.out"'.

Class scrbook Info: loading recommended package `bookmark'.
(scrbook)           Using `bookmark' together with `hyperref' is recommended,
(scrbook)           because of handling of possible bookmark level gaps.
(scrbook)           You can avoid loading `bookmark' with KOMA-Script option
(scrbook)           `bookmarkpackage=false' before \begin{document} and
(scrbook)           you can avoid this message adding:
(scrbook)             \usepackage{bookmark}
(scrbook)           before \begin{document} on input line 2.

(/usr/share/texlive/texmf-dist/tex/latex/bookmark/bookmark.sty
Package: bookmark 2020-11-06 v1.29 PDF bookmarks (HO)

(/usr/share/texlive/texmf-dist/tex/latex/bookmark/bkm-pdftex.def
File: bkm-pdftex.def 2020-11-06 v1.29 bookmark driver for pdfTeX (HO)
\BKM@id=\count311
))
Package caption Info: Begin \AtBeginDocument code.
Package caption Info: End \AtBeginDocument code.
<<ot1.cmap>><<oml.cmap>><<oms.cmap>><<omx.cmap>>
(/usr/share/texlive/texmf-dist/tex/latex/amsfonts/umsa.fd)
(/usr/share/texlive/texmf-dist/tex/latex/amsfonts/umsb.fd)<<t1.cmap>>
File: TU_Logo_SW.pdf Graphic file (type pdf)
<use TU_Logo_SW.pdf>
Package pdftex.def Info: TU_Logo_SW.pdf  used on input line 38.
(pdftex.def)             Requested size: 170.71652pt x 50.01544pt.
 [1



{/var/lib/texmf/fonts/map/pdftex/updmap/pdftex.map} <./TU_Logo_SW.pdf>] [2]
Underfull \hbox (badness 10000) in paragraph at lines 57--59

 []


Underfull \hbox (badness 10000) in paragraph at lines 61--63

 []

[3] [4


]
LaTeX Font Info:    Trying to load font information for T1+cmss on input line 6
8.
 (/usr/share/texlive/texmf-dist/tex/latex/base/t1cmss.fd
File: t1cmss.fd 2019/12/16 v2.5j Standard LaTeX font definitions
)
(./Masters Thesis.toc [5])
\tf@toc=\write4
\openout4 = `"Masters Thesis.toc"'.

 [6]
chapter 1.
pdfTeX warning (ext4): destination with the same identifier (name{page.1}) has 
been already used, duplicate ignored
<to be read again> 
                   \relax 
l.78 \chapter
             {The Si(0,0,1) Surface} \label{Section::Silicon} [1




]pdfTeX warning (ext4): destination with the same identifier (name{page.2}) has
 been already used, duplicate ignored
<to be read again> 
                   \relax 
l.78 \chapter
             {The Si(0,0,1) Surface} \label{Section::Silicon} [2


]
chapter 2.
<graphics/Sili.png, id=147, 137.45753pt x 84.98952pt>
File: graphics/Sili.png Graphic file (type png)
<use graphics/Sili.png>
Package pdftex.def Info: graphics/Sili.png  used on input line 83.
(pdftex.def)             Requested size: 335.41779pt x 207.41685pt.
<graphics/p(2x1)-sym.png, id=154, 137.74661pt x 104.64696pt>
File: graphics/p(2x1)-sym.png Graphic file (type png)
<use graphics/p(2x1)-sym.png>
Package pdftex.def Info: graphics/p(2x1)-sym.png  used on input line 92.
(pdftex.def)             Requested size: 191.66887pt x 145.62329pt.
<graphics/c(4x2).png, id=155, 137.74661pt x 106.2369pt>
File: graphics/c(4x2).png Graphic file (type png)
<use graphics/c(4x2).png>
Package pdftex.def Info: graphics/c(4x2).png  used on input line 98.
(pdftex.def)             Requested size: 191.66887pt x 147.8358pt.

Overfull \hbox (2.61047pt too wide) in paragraph at lines 90--102
[]$[]$ $[]$ 
 []

pdfTeX warning (ext4): destination with the same identifier (name{page.3}) has 
been already used, duplicate ignored
<to be read again> 
                   \relax 
l.105 \section
              {Phase Transition of the Si(0,0,1) Surface} [3 <./graphics/Sili.p
ng>]
Underfull \hbox (badness 10000) in paragraph at lines 106--107

 []


Underfull \hbox (badness 10000) in paragraph at lines 108--109

 []

pdfTeX warning (ext4): destination with the same identifier (name{page.4}) has 
been already used, duplicate ignored
<to be read again> 
                   \relax 
l.111 \chapter
              {Phase Transitions} [4 <./graphics/p(2x1)-sym.png> <./graphics/c(
4x2).png>]
chapter 3.

Underfull \hbox (badness 10000) in paragraph at lines 112--116

 []

pdfTeX warning (ext4): destination with the same identifier (name{page.5}) has 
been already used, duplicate ignored
<to be read again> 
                   \relax 
l.130 	\section
               {Renormalization Group Considerations} \label{Section::RG}
[5


]
Underfull \hbox (badness 10000) in paragraph at lines 131--132

 []

<graphics/RG-Iteration.png, id=195, 906.71054pt x 797.1937pt>
File: graphics/RG-Iteration.png Graphic file (type png)
<use graphics/RG-Iteration.png>
Package pdftex.def Info: graphics/RG-Iteration.png  used on input line 139.
(pdftex.def)             Requested size: 335.41779pt x 294.90839pt.

Underfull \vbox (badness 3838) has occurred while \output is active []

pdfTeX warning (ext4): destination with the same identifier (name{page.6}) has 
been already used, duplicate ignored
<to be read again> 
                   \relax 
l.156 	\end{equation}
                      [6] [7 <./graphics/RG-Iteration.png>]
Underfull \vbox (badness 10000) has occurred while \output is active []

 [8]
Underfull \hbox (badness 10000) in paragraph at lines 208--209

 []

[9]
Underfull \hbox (badness 10000) in paragraph at lines 236--237

 []


Underfull \hbox (badness 10000) in paragraph at lines 245--246

 []

[10]
Underfull \hbox (badness 10000) in paragraph at lines 247--248

 []


Underfull \hbox (badness 10000) in paragraph at lines 255--256

 []


Underfull \hbox (badness 10000) in paragraph at lines 257--258

 []

[11]
<graphics/xi-divergence-FS.png, id=277, 963.6pt x 723.503pt>
File: graphics/xi-divergence-FS.png Graphic file (type png)
<use graphics/xi-divergence-FS.png>
Package pdftex.def Info: graphics/xi-divergence-FS.png  used on input line 276.

(pdftex.def)             Requested size: 335.41779pt x 251.83884pt.
 [12 <./graphics/xi-divergence-FS.png>]
Underfull \hbox (badness 10000) in paragraph at lines 292--294

 []


LaTeX Warning: Reference `Equation::FSS-Scaling-L/xi' on page 13 undefined on i
nput line 304.


LaTeX Warning: Reference `Equation::FSS-Scaling-L/xi' on page 13 undefined on i
nput line 308.


Underfull \vbox (badness 10000) has occurred while \output is active []

 [13]

Package hyperref Warning: Token not allowed in a PDF string (Unicode):
(hyperref)                removing `math shift' on input line 319.


Package hyperref Warning: Token not allowed in a PDF string (Unicode):
(hyperref)                removing `\begingroup' on input line 319.


Package hyperref Warning: Token not allowed in a PDF string (Unicode):
(hyperref)                removing `\xi' on input line 319.


Package hyperref Warning: Token not allowed in a PDF string (Unicode):
(hyperref)                removing `\endgroup' on input line 319.


Package hyperref Warning: Token not allowed in a PDF string (Unicode):
(hyperref)                removing `\@@over' on input line 319.


Package hyperref Warning: Token not allowed in a PDF string (Unicode):
(hyperref)                removing `math shift' on input line 319.


Package hyperref Warning: Token not allowed in a PDF string (Unicode):
(hyperref)                removing `math shift' on input line 323.


Package hyperref Warning: Token not allowed in a PDF string (Unicode):
(hyperref)                removing `\tau' on input line 323.


Package hyperref Warning: Token not allowed in a PDF string (Unicode):
(hyperref)                removing `math shift' on input line 323.


Package hyperref Warning: Token not allowed in a PDF string (Unicode):
(hyperref)                removing `math shift' on input line 323.


Package hyperref Warning: Token not allowed in a PDF string (Unicode):
(hyperref)                removing `math shift' on input line 323.


Underfull \hbox (badness 10000) in paragraph at lines 327--329

 []


Underfull \hbox (badness 10000) in paragraph at lines 336--337

 []

[14]
<graphics/xi-divergence-symmetric.png, id=324, 693.792pt x 520.344pt>
File: graphics/xi-divergence-symmetric.png Graphic file (type png)
<use graphics/xi-divergence-symmetric.png>
Package pdftex.def Info: graphics/xi-divergence-symmetric.png  used on input li
ne 348.
(pdftex.def)             Requested size: 335.41779pt x 251.5646pt.

Underfull \vbox (badness 4556) has occurred while \output is active []

 [15]
[16 <./graphics/xi-divergence-symmetric.png>]
chapter 4.

Underfull \vbox (badness 10000) has occurred while \output is active []

 [17


]
Underfull \vbox (badness 10000) has occurred while \output is active []

 [18]
Underfull \hbox (badness 10000) in paragraph at lines 446--447

 []


Underfull \vbox (badness 10000) has occurred while \output is active []

 [19]
Underfull \hbox (badness 10000) in paragraph at lines 448--449

 []


Underfull \vbox (badness 6445) has occurred while \output is active []

 [20]
Underfull \vbox (badness 10000) has occurred while \output is active []

 [21]

LaTeX Warning: Reference `???' on page 22 undefined on input line 502.

[22]
Underfull \hbox (badness 10000) in paragraph at lines 546--548

 []


LaTeX Warning: Reference `label' on page 23 undefined on input line 558.

[23]
Underfull \hbox (badness 10000) in paragraph at lines 563--564

 []


Underfull \hbox (badness 10000) in paragraph at lines 576--578

 []


Underfull \hbox (badness 10000) in paragraph at lines 579--580

 []

[24]
Underfull \hbox (badness 10000) in paragraph at lines 593--594

 []


Underfull \hbox (badness 10000) in paragraph at lines 612--614

 []

[25]
Underfull \hbox (badness 10000) in paragraph at lines 615--616

 []


Underfull \hbox (badness 10000) in paragraph at lines 624--625

 []

<graphics/DimerQParameterization.png, id=504, 566.5968pt x 105.08058pt>
File: graphics/DimerQParameterization.png Graphic file (type png)
<use graphics/DimerQParameterization.png>
Package pdftex.def Info: graphics/DimerQParameterization.png  used on input lin
e 629.
(pdftex.def)             Requested size: 383.33775pt x 71.09308pt.
[26 <./graphics/DimerQParameterization.png>]
<graphics/XY-Silicon-potential.png, id=520, 481.75182pt x 361.35pt>
File: graphics/XY-Silicon-potential.png Graphic file (type png)
<use graphics/XY-Silicon-potential.png>
Package pdftex.def Info: graphics/XY-Silicon-potential.png  used on input line 
640.
(pdftex.def)             Requested size: 383.33775pt x 287.53102pt.
 [27 <./graphics/XY-Silicon-Potential.png>] [28]
chapter 5.

Underfull \hbox (badness 10000) in paragraph at lines 669--670

 []

<graphics/CPU-vs-GPU.png, id=543, 868.39632pt x 228.08412pt>
File: graphics/CPU-vs-GPU.png Graphic file (type png)
<use graphics/CPU-vs-GPU.png>
Package pdftex.def Info: graphics/CPU-vs-GPU.png  used on input line 674.
(pdftex.def)             Requested size: 383.33775pt x 100.68446pt.
LaTeX Font Info:    Trying to load font information for T1+cmtt on input line 6
79.
(/usr/share/texlive/texmf-dist/tex/latex/base/t1cmtt.fd
File: t1cmtt.fd 2019/12/16 v2.5j Standard LaTeX font definitions
) [29


] [30 <./graphics/CPU-vs-GPU.png>]
<graphics/MSD-Euler-0.001.png, id=572, 462.528pt x 346.896pt>
File: graphics/MSD-Euler-0.001.png Graphic file (type png)
<use graphics/MSD-Euler-0.001.png>
Package pdftex.def Info: graphics/MSD-Euler-0.001.png  used on input line 716.
(pdftex.def)             Requested size: 191.66887pt x 143.75272pt.
<graphics/MSD-BBK-0.005.png, id=573, 462.528pt x 346.896pt>
File: graphics/MSD-BBK-0.005.png Graphic file (type png)
<use graphics/MSD-BBK-0.005.png>
Package pdftex.def Info: graphics/MSD-BBK-0.005.png  used on input line 721.
(pdftex.def)             Requested size: 191.66887pt x 143.75272pt.
<graphics/MSD-Euler-0.05.png, id=574, 462.528pt x 346.896pt>
File: graphics/MSD-Euler-0.05.png Graphic file (type png)
<use graphics/MSD-Euler-0.05.png>
Package pdftex.def Info: graphics/MSD-Euler-0.05.png  used on input line 726.
(pdftex.def)             Requested size: 191.66887pt x 143.75272pt.
<graphics/MSD-BBK-0.05.png, id=575, 462.528pt x 346.896pt>
File: graphics/MSD-BBK-0.05.png Graphic file (type png)
<use graphics/MSD-BBK-0.05.png>
Package pdftex.def Info: graphics/MSD-BBK-0.05.png  used on input line 731.
(pdftex.def)             Requested size: 191.66887pt x 143.75272pt.

Overfull \hbox (2.61047pt too wide) in paragraph at lines 714--734
[]$[]$ $[]$ 
 []


Overfull \hbox (2.61047pt too wide) in paragraph at lines 714--734
[]$ $[]$ 
 []


Underfull \hbox (badness 10000) in paragraph at lines 739--740

 []


Underfull \hbox (badness 10000) in paragraph at lines 741--742

 []

<graphics/Distribution-Euler-0.005.png, id=579, 1001.7425pt x 712.6625pt>
File: graphics/Distribution-Euler-0.005.png Graphic file (type png)
<use graphics/Distribution-Euler-0.005.png>
Package pdftex.def Info: graphics/Distribution-Euler-0.005.png  used on input l
ine 748.
(pdftex.def)             Requested size: 191.66887pt x 136.35335pt.
<graphics/Distribution-BBK-0.05.png, id=580, 627.34375pt x 464.73625pt>
File: graphics/Distribution-BBK-0.05.png Graphic file (type png)
<use graphics/Distribution-BBK-0.05.png>
Package pdftex.def Info: graphics/Distribution-BBK-0.05.png  used on input line
 753.
(pdftex.def)             Requested size: 191.66887pt x 141.989pt.

Overfull \hbox (2.61047pt too wide) in paragraph at lines 746--756
[]$[]$ $[]$ 
 []


Underfull \hbox (badness 10000) in paragraph at lines 761--762

 []


Underfull \vbox (badness 10000) has occurred while \output is active []

 [31]
[32 <./graphics/MSD-Euler-0.001.png> <./graphics/MSD-BBK-0.005.png> <./graphics
/MSD-Euler-0.05.png> <./graphics/MSD-BBK-0.05.png>]
Overfull \hbox (36.26364pt too wide) in paragraph at lines 763--764
[]\T1/cmr/m/n/12 In []Fig-ure 5.4[][] we now show cuts of the in-te-grated prob
-a-bil-ity den-sity $\OML/cmm/m/it/12 p\OT1/cmr/m/n/12 (\OML/cmm/m/it/12 x[]; x
[]\OT1/cmr/m/n/12 ) = [][] \OML/cmm/m/it/12 p\OT1/cmr/m/n/12 (\OML/cmm/m/it/12 
x[]; x[]; v[]; v[]\OT1/cmr/m/n/12 )\OML/cmm/m/it/12 dv[]dv[]$
 []

<graphics/Pair-Equil-Dist-20.png, id=602, 462.528pt x 346.896pt>
File: graphics/Pair-Equil-Dist-20.png Graphic file (type png)
<use graphics/Pair-Equil-Dist-20.png>
Package pdftex.def Info: graphics/Pair-Equil-Dist-20.png  used on input line 76
8.
(pdftex.def)             Requested size: 191.66887pt x 143.75272pt.
File: graphics/Pair-Equil-Dist-20.png Graphic file (type png)
<use graphics/Pair-Equil-Dist-20.png>
Package pdftex.def Info: graphics/Pair-Equil-Dist-20.png  used on input line 77
3.
(pdftex.def)             Requested size: 191.66887pt x 143.75272pt.

Overfull \hbox (2.61047pt too wide) in paragraph at lines 766--776
[]$[]$ $[]$ 
 []

[33 <./graphics/Distribution-Euler-0.005.png> <./graphics/Distribution-BBK-0.05
.png>]
Underfull \hbox (badness 10000) in paragraph at lines 781--782

 []


Underfull \hbox (badness 10000) in paragraph at lines 789--790

 []

[34 <./graphics/Pair-Equil-Dist-20.png>]
<graphics/cum_time_avg.png, id=630, 462.528pt x 346.896pt>
File: graphics/cum_time_avg.png Graphic file (type png)
<use graphics/cum_time_avg.png>
Package pdftex.def Info: graphics/cum_time_avg.png  used on input line 799.
(pdftex.def)             Requested size: 191.66887pt x 143.75272pt.
<graphics/critical_exponent_time_avg.png, id=631, 462.528pt x 346.896pt>
File: graphics/critical_exponent_time_avg.png Graphic file (type png)
<use graphics/critical_exponent_time_avg.png>
Package pdftex.def Info: graphics/critical_exponent_time_avg.png  used on input
 line 804.
(pdftex.def)             Requested size: 191.66887pt x 143.75272pt.

Overfull \hbox (2.61047pt too wide) in paragraph at lines 797--807
[]$[]$ $[]$ 
 []


Underfull \hbox (badness 10000) in paragraph at lines 815--816

 []

[35]
Underfull \hbox (badness 10000) in paragraph at lines 817--818

 []


LaTeX Warning: Reference `Fig::Quench-Result-c' on page 36 undefined on input l
ine 819.


LaTeX Warning: Reference `Fig::Quench-Result-d' on page 36 undefined on input l
ine 819.


Underfull \hbox (badness 10000) in paragraph at lines 819--820

 []

<graphics/xix-process.png, id=646, 462.528pt x 346.896pt>
File: graphics/xix-process.png Graphic file (type png)
<use graphics/xix-process.png>
Package pdftex.def Info: graphics/xix-process.png  used on input line 825.
(pdftex.def)             Requested size: 191.66887pt x 143.75272pt.

Underfull \hbox (badness 1436) in paragraph at lines 826--826
[]\T1/cmr/bx/n/10.95 (a) |\T1/cmr/m/n/10.95 The time-resolved quench-process
 []


Underfull \hbox (badness 3386) in paragraph at lines 826--826
\OML/cmm/m/it/10.95 ^^X[]\OT1/cmr/m/n/10.95 (\OML/cmm/m/it/10.95 t\OT1/cmr/m/n/
10.95 )$ \T1/cmr/m/n/10.95 for dif-fer-ent quench timescales
 []

<graphics/xiy-process.png, id=647, 462.528pt x 346.896pt>
File: graphics/xiy-process.png Graphic file (type png)
<use graphics/xiy-process.png>
Package pdftex.def Info: graphics/xiy-process.png  used on input line 830.
(pdftex.def)             Requested size: 191.66887pt x 143.75272pt.

Underfull \hbox (badness 1184) in paragraph at lines 831--831
[]\T1/cmr/bx/n/10.95 (b) |\T1/cmr/m/n/10.95 The time-resolved quench-process
 []

<graphics/xix-quench-scaling.png, id=648, 462.528pt x 346.896pt>
File: graphics/xix-quench-scaling.png Graphic file (type png)
<use graphics/xix-quench-scaling.png>
Package pdftex.def Info: graphics/xix-quench-scaling.png  used on input line 83
5.
(pdftex.def)             Requested size: 191.66887pt x 143.75272pt.
<graphics/xiy-quench-scaling.png, id=651, 462.528pt x 346.896pt>
File: graphics/xiy-quench-scaling.png Graphic file (type png)
<use graphics/xiy-quench-scaling.png>
Package pdftex.def Info: graphics/xiy-quench-scaling.png  used on input line 84
2.
(pdftex.def)             Requested size: 191.66887pt x 143.75272pt.

Overfull \hbox (2.61047pt too wide) in paragraph at lines 823--846
[]$[]$ $[]$ 
 []


Overfull \hbox (2.61047pt too wide) in paragraph at lines 823--846
[]$ $[]$ 
 []


Underfull \hbox (badness 10000) in paragraph at lines 850--851

 []

[36 <./graphics/cum_time_avg.png> <./graphics/critical_exponent_time_avg.png>]
[37 <./graphics/xix-process.png> <./graphics/xiy-process.png> <./graphics/xix-q
uench-scaling.png> <./graphics/xiy-quench-scaling.png>]
<graphics/cum-over-time-scan.png, id=680, 462.528pt x 346.896pt>
File: graphics/cum-over-time-scan.png Graphic file (type png)
<use graphics/cum-over-time-scan.png>
Package pdftex.def Info: graphics/cum-over-time-scan.png  used on input line 86
4.
(pdftex.def)             Requested size: 383.33775pt x 287.51602pt.

Underfull \hbox (badness 10000) in paragraph at lines 860--869

 []

[38 <./graphics/cum-over-time-scan.png>] [39] [40


]
chapter 6.
[41] [42]
chapter A.

Underfull \vbox (badness 10000) has occurred while \output is active []

 [43


]
Underfull \vbox (badness 10000) has occurred while \output is active []

 [44]
(./Masters Thesis.bbl [45] [46


]
chapter B.
[47] [48] [49]
Underfull \hbox (badness 1292) in paragraph at lines 252--255
[]\T1/cmr/m/n/12 Wojciech H Zurek.  Cos-mo-log-i-cal ex-per-i-ments in su-per-f
luid he-lium?  \T1/cmr/m/it/12 Na-ture\T1/cmr/m/n/12 ,
 []

) [50] [51

] (./Masters Thesis.aux)

LaTeX Warning: There were undefined references.

Package rerunfilecheck Info: File `"Masters Thesis".out' has not changed.
(rerunfilecheck)             Checksum: D41D8CD98F00B204E9800998ECF8427E;0.
 ) 
Here is how much of TeX's memory you used:
 18640 strings out of 480153
 357033 string characters out of 5892728
 898308 words of memory out of 5000000
 35970 multiletter control sequences out of 15000+600000
 493761 words of font info for 90 fonts, out of 8000000 for 9000
 36 hyphenation exceptions out of 8191
 113i,20n,109p,10653b,638s stack positions out of 5000i,500n,10000p,200000b,80000s
 </home/weitze73/.texlive2021/texmf-var/fonts/pk/ljfour/jknappen/ec/ecti1200.
600pk> </home/weitze73/.texlive2021/texmf-var/fonts/pk/ljfour/jknappen/ec/ectt1
200.600pk> </home/weitze73/.texlive2021/texmf-var/fonts/pk/ljfour/jknappen/ec/e
csx1440.600pk> </home/weitze73/.texlive2021/texmf-var/fonts/pk/ljfour/jknappen/
ec/tcrm1200.600pk> </home/weitze73/.texlive2021/texmf-var/fonts/pk/ljfour/jknap
pen/ec/ecrm0800.600pk> </home/weitze73/.texlive2021/texmf-var/fonts/pk/ljfour/j
knappen/ec/ecbx1200.600pk> </home/weitze73/.texlive2021/texmf-var/fonts/pk/ljfo
ur/jknappen/ec/ecrm1095.600pk> </home/weitze73/.texlive2021/texmf-var/fonts/pk/
ljfour/jknappen/ec/ecbx1095.600pk> </home/weitze73/.texlive2021/texmf-var/fonts
/pk/ljfour/jknappen/ec/ecsx1728.600pk> </home/weitze73/.texlive2021/texmf-var/f
onts/pk/ljfour/jknappen/ec/ecsl1200.600pk> </home/weitze73/.texlive2021/texmf-v
ar/fonts/pk/ljfour/jknappen/ec/ecsx1200.600pk> </home/weitze73/.texlive2021/tex
mf-var/fonts/pk/ljfour/jknappen/ec/ecsx2488.600pk> </home/weitze73/.texlive2021
/texmf-var/fonts/pk/ljfour/jknappen/ec/ecbx1440.600pk> </home/weitze73/.texlive
2021/texmf-var/fonts/pk/ljfour/jknappen/ec/ecrm1200.600pk> </home/weitze73/.tex
live2021/texmf-var/fonts/pk/ljfour/jknappen/ec/ecrm1440.600pk> </home/weitze73/
.texlive2021/texmf-var/fonts/pk/ljfour/jknappen/ec/ecbx2488.600pk></usr/share/t
exlive/texmf-dist/fonts/type1/public/amsfonts/cm/cmbx12.pfb></usr/share/texlive
/texmf-dist/fonts/type1/public/amsfonts/cm/cmex10.pfb></usr/share/texlive/texmf
-dist/fonts/type1/public/amsfonts/cmextra/cmex8.pfb></usr/share/texlive/texmf-d
ist/fonts/type1/public/amsfonts/cm/cmmi10.pfb></usr/share/texlive/texmf-dist/fo
nts/type1/public/amsfonts/cm/cmmi12.pfb></usr/share/texlive/texmf-dist/fonts/ty
pe1/public/amsfonts/cm/cmmi6.pfb></usr/share/texlive/texmf-dist/fonts/type1/pub
lic/amsfonts/cm/cmmi8.pfb></usr/share/texlive/texmf-dist/fonts/type1/public/ams
fonts/cm/cmmib10.pfb></usr/share/texlive/texmf-dist/fonts/type1/public/amsfonts
/cmextra/cmmib8.pfb></usr/share/texlive/texmf-dist/fonts/type1/public/amsfonts/
cm/cmr10.pfb></usr/share/texlive/texmf-dist/fonts/type1/public/amsfonts/cm/cmr1
2.pfb></usr/share/texlive/texmf-dist/fonts/type1/public/amsfonts/cm/cmr6.pfb></
usr/share/texlive/texmf-dist/fonts/type1/public/amsfonts/cm/cmr8.pfb></usr/shar
e/texlive/texmf-dist/fonts/type1/public/amsfonts/cm/cmsy10.pfb></usr/share/texl
ive/texmf-dist/fonts/type1/public/amsfonts/cm/cmsy6.pfb></usr/share/texlive/tex
mf-dist/fonts/type1/public/amsfonts/cm/cmsy8.pfb></usr/share/texlive/texmf-dist
/fonts/type1/public/amsfonts/symbols/msbm10.pfb>
Output written on "Masters Thesis.pdf" (57 pages, 4330190 bytes).
PDF statistics:
 1724 PDF objects out of 1728 (max. 8388607)
 926 compressed objects within 10 object streams
 276 named destinations out of 1000 (max. 500000)
 493 words of extra memory for PDF output out of 10000 (max. 10000000)

